<?xml version="1.1" encoding="UTF-8"?>
<testsuite name="org.pac.bootraplab.services.db.fetch.MongoEntityFetcherSpec" tests="1" failures="0" errors="0" timestamp="2013-12-11T17:46:52" hostname="iznenad" time="0.065">
  <properties/>
  <testcase name="should call the db and object generator" classname="org.pac.bootraplab.services.db.fetch.MongoEntityFetcherSpec" time="0.065"/>
  <system-out><![CDATA[]]></system-out>
  <system-err><![CDATA[]]></system-err>
</testsuite>
