<?xml version="1.1" encoding="UTF-8"?>
<testsuite name="org.pac.bootraplab.services.db.MongoDBProviderImplSpec" tests="3" failures="0" errors="0" timestamp="2013-12-11T17:46:51" hostname="iznenad" time="0.146">
  <properties/>
  <testcase name="should be configured with provided host, port and dbname" classname="org.pac.bootraplab.services.db.MongoDBProviderImplSpec" time="0.019"/>
  <testcase name="should be able to write into instance" classname="org.pac.bootraplab.services.db.MongoDBProviderImplSpec" time="0.094"/>
  <testcase name="assert type after read" classname="org.pac.bootraplab.services.db.MongoDBProviderImplSpec" time="0.031"/>
  <system-out><![CDATA[java.lang.String
]]></system-out>
  <system-err><![CDATA[]]></system-err>
</testsuite>
