<?xml version="1.1" encoding="UTF-8"?>
<testsuite name="org.pac.bootraplab.services.db.persist.DBObjectGeneratorSpec" tests="3" failures="0" errors="0" timestamp="1970-01-01T00:00:00" hostname="iznenad" time="1.386784012538E9">
  <properties/>
  <testcase name="should extract value from entity" classname="org.pac.bootraplab.services.db.persist.DBObjectGeneratorSpec" time="0.082"/>
  <testcase name="should extract value from entity with gointo field" classname="org.pac.bootraplab.services.db.persist.DBObjectGeneratorSpec" time="0.003"/>
  <testcase name="should write as number" classname="org.pac.bootraplab.services.db.persist.DBObjectGeneratorSpec" time="0.026"/>
  <system-out><![CDATA[18:46:52.410 [Test worker] INFO  o.a.tapestry5.ioc.RegistryBuilder - Adding module definition for class org.apache.tapestry5.ioc.modules.TapestryIOCModule
18:46:52.412 [Test worker] INFO  o.a.tapestry5.ioc.RegistryBuilder - Adding module definition for class org.spockframework.tapestry.ExtensionModule
18:46:52.412 [Test worker] INFO  o.a.tapestry5.ioc.RegistryBuilder - Adding module definition for class org.pac.test.modules.DBTestModule
18:46:52.414 [Test worker] DEBUG org.apache.tapestry5.ioc.Registry - [  1] --> Eager loading services
18:46:52.414 [Test worker] DEBUG org.apache.tapestry5.ioc.Registry - [  1] <-- Eager loading services [0.17 ms]
18:46:52.414 [Test worker] DEBUG org.apache.tapestry5.ioc.Registry - [  1] --> Eager loading services
18:46:52.414 [Test worker] DEBUG org.apache.tapestry5.ioc.Registry - [  1] <-- Eager loading services [0.09 ms]
18:46:52.414 [Test worker] DEBUG org.apache.tapestry5.ioc.Registry - [  1] --> Eager loading services
18:46:52.415 [Test worker] DEBUG org.apache.tapestry5.ioc.Registry - [  1] <-- Eager loading services [0.08 ms]
18:46:52.415 [Test worker] DEBUG o.a.t.i.m.T.RegistryStartup - Creating proxy for service RegistryStartup
18:46:52.415 [Test worker] DEBUG org.apache.tapestry5.ioc.Registry - [  1] --> Creating proxy for service RegistryStartup
18:46:52.418 [Test worker] DEBUG org.apache.tapestry5.ioc.Registry - [  2] --> Obtaining AspectDecorator service
18:46:52.418 [Test worker] DEBUG o.a.t.i.m.T.AspectDecorator - Creating proxy for service AspectDecorator
18:46:52.418 [Test worker] DEBUG org.apache.tapestry5.ioc.Registry - [  3] --> Creating proxy for service AspectDecorator
18:46:52.420 [Test worker] DEBUG o.a.t.i.m.T.PlasticProxyFactory - Loading class $AspectDecorator_a12c8735b522:
// class version 49.0 (49)
// access flags 0x1
public class $AspectDecorator_a12c8735b522 implements org/apache/tapestry5/ioc/services/AspectDecorator java/io/Serializable  {


  // access flags 0x12
  private final Lorg/apache/tapestry5/ioc/ObjectCreator; creator

  // access flags 0x12
  private final Lorg/apache/tapestry5/ioc/internal/ServiceProxyToken; token

  // access flags 0x1
  public createBuilder(Ljava/lang/Class;Ljava/lang/Object;Ljava/lang/String;)Lorg/apache/tapestry5/ioc/services/AspectInterceptorBuilder;
    ALOAD 0
    INVOKESPECIAL $AspectDecorator_a12c8735b522.delegate ()Lorg/apache/tapestry5/ioc/services/AspectDecorator;
    ALOAD 1
    ALOAD 2
    ALOAD 3
    INVOKEINTERFACE org/apache/tapestry5/ioc/services/AspectDecorator.createBuilder (Ljava/lang/Class;Ljava/lang/Object;Ljava/lang/String;)Lorg/apache/tapestry5/ioc/services/AspectInterceptorBuilder;
    ARETURN
    MAXSTACK = 0
    MAXLOCALS = 0

  // access flags 0x1
  public createBuilder(Ljava/lang/Class;Ljava/lang/Object;Lorg/apache/tapestry5/ioc/AnnotationAccess;Ljava/lang/String;)Lorg/apache/tapestry5/ioc/services/AspectInterceptorBuilder;
    ALOAD 0
    INVOKESPECIAL $AspectDecorator_a12c8735b522.delegate ()Lorg/apache/tapestry5/ioc/services/AspectDecorator;
    ALOAD 1
    ALOAD 2
    ALOAD 3
    ALOAD 4
    INVOKEINTERFACE org/apache/tapestry5/ioc/services/AspectDecorator.createBuilder (Ljava/lang/Class;Ljava/lang/Object;Lorg/apache/tapestry5/ioc/AnnotationAccess;Ljava/lang/String;)Lorg/apache/tapestry5/ioc/services/AspectInterceptorBuilder;
    ARETURN
    MAXSTACK = 0
    MAXLOCALS = 0

  // access flags 0x1010
  final reject_field_change_creator(Lorg/apache/tapestry5/ioc/ObjectCreator;)V
    NEW java/lang/IllegalStateException
    DUP
    LDC "Field creator of class $AspectDecorator_a12c8735b522 is read-only."
    INVOKESPECIAL java/lang/IllegalStateException.<init> (Ljava/lang/String;)V
    ATHROW
    MAXSTACK = 0
    MAXLOCALS = 0

  // access flags 0x1010
  final reject_field_change_token(Lorg/apache/tapestry5/ioc/internal/ServiceProxyToken;)V
    NEW java/lang/IllegalStateException
    DUP
    LDC "Field token of class $AspectDecorator_a12c8735b522 is read-only."
    INVOKESPECIAL java/lang/IllegalStateException.<init> (Ljava/lang/String;)V
    ATHROW
    MAXSTACK = 0
    MAXLOCALS = 0

  // access flags 0x2
  private delegate()Lorg/apache/tapestry5/ioc/services/AspectDecorator;
    ALOAD 0
    GETFIELD $AspectDecorator_a12c8735b522.creator : Lorg/apache/tapestry5/ioc/ObjectCreator;
    INVOKEINTERFACE org/apache/tapestry5/ioc/ObjectCreator.createObject ()Ljava/lang/Object;
    CHECKCAST org/apache/tapestry5/ioc/services/AspectDecorator
    ARETURN
    MAXSTACK = 0
    MAXLOCALS = 0

  // access flags 0x2
  private writeReplace()Ljava/lang/Object; throws java/io/ObjectStreamException 
    ALOAD 0
    GETFIELD $AspectDecorator_a12c8735b522.token : Lorg/apache/tapestry5/ioc/internal/ServiceProxyToken;
    ARETURN
    MAXSTACK = 0
    MAXLOCALS = 0

  // access flags 0x1
  public toString()Ljava/lang/String;
    LDC "<Proxy for AspectDecorator(org.apache.tapestry5.ioc.services.AspectDecorator)>"
    ARETURN
    MAXSTACK = 0
    MAXLOCALS = 0

  // access flags 0x1
  public <init>(Lorg/apache/tapestry5/internal/plastic/StaticContext;Lorg/apache/tapestry5/plastic/InstanceContext;)V
    ALOAD 0
    INVOKESPECIAL java/lang/Object.<init> ()V
    ALOAD 0
    ALOAD 1
    ICONST_0
    INVOKEVIRTUAL org/apache/tapestry5/internal/plastic/StaticContext.get (I)Ljava/lang/Object;
    CHECKCAST org/apache/tapestry5/ioc/ObjectCreator
    PUTFIELD $AspectDecorator_a12c8735b522.creator : Lorg/apache/tapestry5/ioc/ObjectCreator;
    ALOAD 0
    ALOAD 1
    ICONST_1
    INVOKEVIRTUAL org/apache/tapestry5/internal/plastic/StaticContext.get (I)Ljava/lang/Object;
    CHECKCAST org/apache/tapestry5/ioc/internal/ServiceProxyToken
    PUTFIELD $AspectDecorator_a12c8735b522.token : Lorg/apache/tapestry5/ioc/internal/ServiceProxyToken;
    RETURN
    MAXSTACK = 0
    MAXLOCALS = 0
}

18:46:52.422 [Test worker] DEBUG org.apache.tapestry5.ioc.Registry - [  3] <-- Creating proxy for service AspectDecorator [4.26 ms]
18:46:52.422 [Test worker] DEBUG org.apache.tapestry5.ioc.Registry - [  2] <-- Obtaining AspectDecorator service [4.75 ms]
18:46:52.423 [Test worker] DEBUG o.a.t.i.m.T.PlasticProxyFactory - Loading class $Runnable_a12c8735b523:
// class version 49.0 (49)
// access flags 0x1
public class $Runnable_a12c8735b523 implements java/lang/Runnable java/io/Serializable  {


  // access flags 0x12
  private final Lorg/apache/tapestry5/ioc/ObjectCreator; creator

  // access flags 0x12
  private final Lorg/apache/tapestry5/ioc/internal/ServiceProxyToken; token

  // access flags 0x1
  public run()V
    ALOAD 0
    INVOKESPECIAL $Runnable_a12c8735b523.delegate ()Ljava/lang/Runnable;
    INVOKEINTERFACE java/lang/Runnable.run ()V
    RETURN
    MAXSTACK = 0
    MAXLOCALS = 0

  // access flags 0x1010
  final reject_field_change_creator(Lorg/apache/tapestry5/ioc/ObjectCreator;)V
    NEW java/lang/IllegalStateException
    DUP
    LDC "Field creator of class $Runnable_a12c8735b523 is read-only."
    INVOKESPECIAL java/lang/IllegalStateException.<init> (Ljava/lang/String;)V
    ATHROW
    MAXSTACK = 0
    MAXLOCALS = 0

  // access flags 0x1010
  final reject_field_change_token(Lorg/apache/tapestry5/ioc/internal/ServiceProxyToken;)V
    NEW java/lang/IllegalStateException
    DUP
    LDC "Field token of class $Runnable_a12c8735b523 is read-only."
    INVOKESPECIAL java/lang/IllegalStateException.<init> (Ljava/lang/String;)V
    ATHROW
    MAXSTACK = 0
    MAXLOCALS = 0

  // access flags 0x2
  private delegate()Ljava/lang/Runnable;
    ALOAD 0
    GETFIELD $Runnable_a12c8735b523.creator : Lorg/apache/tapestry5/ioc/ObjectCreator;
    INVOKEINTERFACE org/apache/tapestry5/ioc/ObjectCreator.createObject ()Ljava/lang/Object;
    CHECKCAST java/lang/Runnable
    ARETURN
    MAXSTACK = 0
    MAXLOCALS = 0

  // access flags 0x2
  private writeReplace()Ljava/lang/Object; throws java/io/ObjectStreamException 
    ALOAD 0
    GETFIELD $Runnable_a12c8735b523.token : Lorg/apache/tapestry5/ioc/internal/ServiceProxyToken;
    ARETURN
    MAXSTACK = 0
    MAXLOCALS = 0

  // access flags 0x1
  public toString()Ljava/lang/String;
    LDC "<Proxy for RegistryStartup(java.lang.Runnable)>"
    ARETURN
    MAXSTACK = 0
    MAXLOCALS = 0

  // access flags 0x1
  public <init>(Lorg/apache/tapestry5/internal/plastic/StaticContext;Lorg/apache/tapestry5/plastic/InstanceContext;)V
    ALOAD 0
    INVOKESPECIAL java/lang/Object.<init> ()V
    ALOAD 0
    ALOAD 1
    ICONST_0
    INVOKEVIRTUAL org/apache/tapestry5/internal/plastic/StaticContext.get (I)Ljava/lang/Object;
    CHECKCAST org/apache/tapestry5/ioc/ObjectCreator
    PUTFIELD $Runnable_a12c8735b523.creator : Lorg/apache/tapestry5/ioc/ObjectCreator;
    ALOAD 0
    ALOAD 1
    ICONST_1
    INVOKEVIRTUAL org/apache/tapestry5/internal/plastic/StaticContext.get (I)Ljava/lang/Object;
    CHECKCAST org/apache/tapestry5/ioc/internal/ServiceProxyToken
    PUTFIELD $Runnable_a12c8735b523.token : Lorg/apache/tapestry5/ioc/internal/ServiceProxyToken;
    RETURN
    MAXSTACK = 0
    MAXLOCALS = 0
}

18:46:52.425 [Test worker] DEBUG org.apache.tapestry5.ioc.Registry - [  1] <-- Creating proxy for service RegistryStartup [9.75 ms]
18:46:52.425 [Test worker] DEBUG org.apache.tapestry5.ioc.Registry - [  1] --> Realizing service RegistryStartup
18:46:52.425 [Test worker] DEBUG org.apache.tapestry5.ioc.Registry - [  2] --> Instantiating service RegistryStartup implementation via org.apache.tapestry5.ioc.internal.services.RegistryStartup(Logger, List) (at RegistryStartup.java:37) via org.apache.tapestry5.ioc.modules.TapestryIOCModule.bind(ServiceBinder) (at TapestryIOCModule.java:50)
18:46:52.425 [Test worker] DEBUG org.apache.tapestry5.ioc.Registry - [  3] --> Creating plan to instantiate org.apache.tapestry5.ioc.internal.services.RegistryStartup via public org.apache.tapestry5.ioc.internal.services.RegistryStartup(org.slf4j.Logger,java.util.List)
18:46:52.425 [Test worker] DEBUG org.apache.tapestry5.ioc.Registry - [  4] --> Determining injection value for parameter #1 (org.slf4j.Logger)
18:46:52.425 [Test worker] DEBUG org.apache.tapestry5.ioc.Registry - [  4] <-- Determining injection value for parameter #1 (org.slf4j.Logger) [0.09 ms]
18:46:52.425 [Test worker] DEBUG org.apache.tapestry5.ioc.Registry - [  4] --> Determining injection value for parameter #2 (java.util.List)
18:46:52.426 [Test worker] DEBUG org.apache.tapestry5.ioc.Registry - [  5] --> Collecting ordered configuration for service RegistryStartup
18:46:52.426 [Test worker] DEBUG org.apache.tapestry5.ioc.Registry - [  5] <-- Collecting ordered configuration for service RegistryStartup [0.17 ms]
18:46:52.426 [Test worker] DEBUG o.a.t.i.m.T.RegistryStartup - Constructed configuration: []
18:46:52.426 [Test worker] DEBUG org.apache.tapestry5.ioc.Registry - [  4] <-- Determining injection value for parameter #2 (java.util.List) [0.44 ms]
18:46:52.426 [Test worker] DEBUG org.apache.tapestry5.ioc.Registry - [  3] <-- Creating plan to instantiate org.apache.tapestry5.ioc.internal.services.RegistryStartup via public org.apache.tapestry5.ioc.internal.services.RegistryStartup(org.slf4j.Logger,java.util.List) [1.03 ms]
18:46:52.426 [Test worker] DEBUG org.apache.tapestry5.ioc.Registry - [  3] --> Invoking constructor org.apache.tapestry5.ioc.internal.services.RegistryStartup(Logger, List) (at RegistryStartup.java:37) via org.apache.tapestry5.ioc.modules.TapestryIOCModule.bind(ServiceBinder) (at TapestryIOCModule.java:50) (for service 'RegistryStartup')
18:46:52.426 [Test worker] DEBUG o.a.t.i.m.T.RegistryStartup - Invoking constructor org.apache.tapestry5.ioc.internal.services.RegistryStartup(Logger, List) (at RegistryStartup.java:37) via org.apache.tapestry5.ioc.modules.TapestryIOCModule.bind(ServiceBinder) (at TapestryIOCModule.java:50) (for service 'RegistryStartup')
18:46:52.426 [Test worker] DEBUG org.apache.tapestry5.ioc.Registry - [  3] <-- Invoking constructor org.apache.tapestry5.ioc.internal.services.RegistryStartup(Logger, List) (at RegistryStartup.java:37) via org.apache.tapestry5.ioc.modules.TapestryIOCModule.bind(ServiceBinder) (at TapestryIOCModule.java:50) (for service 'RegistryStartup') [0.14 ms]
18:46:52.427 [Test worker] DEBUG org.apache.tapestry5.ioc.Registry - [  2] <-- Instantiating service RegistryStartup implementation via org.apache.tapestry5.ioc.internal.services.RegistryStartup(Logger, List) (at RegistryStartup.java:37) via org.apache.tapestry5.ioc.modules.TapestryIOCModule.bind(ServiceBinder) (at TapestryIOCModule.java:50) [1.59 ms]
18:46:52.427 [Test worker] DEBUG org.apache.tapestry5.ioc.Registry - [  1] <-- Realizing service RegistryStartup [1.91 ms]
18:46:52.427 [Test worker] DEBUG o.a.t.i.m.T.MasterObjectProvider - Creating proxy for service MasterObjectProvider
18:46:52.427 [Test worker] DEBUG org.apache.tapestry5.ioc.Registry - [  1] --> Creating proxy for service MasterObjectProvider
18:46:52.429 [Test worker] DEBUG o.a.t.i.m.T.PlasticProxyFactory - Loading class $MasterObjectProvider_a12c8735b524:
// class version 49.0 (49)
// access flags 0x1
public class $MasterObjectProvider_a12c8735b524 implements org/apache/tapestry5/ioc/services/MasterObjectProvider java/io/Serializable  {


  // access flags 0x12
  private final Lorg/apache/tapestry5/ioc/ObjectCreator; creator

  // access flags 0x12
  private final Lorg/apache/tapestry5/ioc/internal/ServiceProxyToken; token

  // access flags 0x1
  public provide(Ljava/lang/Class;Lorg/apache/tapestry5/ioc/AnnotationProvider;Lorg/apache/tapestry5/ioc/ObjectLocator;Z)Ljava/lang/Object;
    ALOAD 0
    INVOKESPECIAL $MasterObjectProvider_a12c8735b524.delegate ()Lorg/apache/tapestry5/ioc/services/MasterObjectProvider;
    ALOAD 1
    ALOAD 2
    ALOAD 3
    ILOAD 4
    INVOKEINTERFACE org/apache/tapestry5/ioc/services/MasterObjectProvider.provide (Ljava/lang/Class;Lorg/apache/tapestry5/ioc/AnnotationProvider;Lorg/apache/tapestry5/ioc/ObjectLocator;Z)Ljava/lang/Object;
    ARETURN
    MAXSTACK = 0
    MAXLOCALS = 0

  // access flags 0x1010
  final reject_field_change_creator(Lorg/apache/tapestry5/ioc/ObjectCreator;)V
    NEW java/lang/IllegalStateException
    DUP
    LDC "Field creator of class $MasterObjectProvider_a12c8735b524 is read-only."
    INVOKESPECIAL java/lang/IllegalStateException.<init> (Ljava/lang/String;)V
    ATHROW
    MAXSTACK = 0
    MAXLOCALS = 0

  // access flags 0x1010
  final reject_field_change_token(Lorg/apache/tapestry5/ioc/internal/ServiceProxyToken;)V
    NEW java/lang/IllegalStateException
    DUP
    LDC "Field token of class $MasterObjectProvider_a12c8735b524 is read-only."
    INVOKESPECIAL java/lang/IllegalStateException.<init> (Ljava/lang/String;)V
    ATHROW
    MAXSTACK = 0
    MAXLOCALS = 0

  // access flags 0x2
  private delegate()Lorg/apache/tapestry5/ioc/services/MasterObjectProvider;
    ALOAD 0
    GETFIELD $MasterObjectProvider_a12c8735b524.creator : Lorg/apache/tapestry5/ioc/ObjectCreator;
    INVOKEINTERFACE org/apache/tapestry5/ioc/ObjectCreator.createObject ()Ljava/lang/Object;
    CHECKCAST org/apache/tapestry5/ioc/services/MasterObjectProvider
    ARETURN
    MAXSTACK = 0
    MAXLOCALS = 0

  // access flags 0x2
  private writeReplace()Ljava/lang/Object; throws java/io/ObjectStreamException 
    ALOAD 0
    GETFIELD $MasterObjectProvider_a12c8735b524.token : Lorg/apache/tapestry5/ioc/internal/ServiceProxyToken;
    ARETURN
    MAXSTACK = 0
    MAXLOCALS = 0

  // access flags 0x1
  public toString()Ljava/lang/String;
    LDC "<Proxy for MasterObjectProvider(org.apache.tapestry5.ioc.services.MasterObjectProvider)>"
    ARETURN
    MAXSTACK = 0
    MAXLOCALS = 0

  // access flags 0x1
  public <init>(Lorg/apache/tapestry5/internal/plastic/StaticContext;Lorg/apache/tapestry5/plastic/InstanceContext;)V
    ALOAD 0
    INVOKESPECIAL java/lang/Object.<init> ()V
    ALOAD 0
    ALOAD 1
    ICONST_0
    INVOKEVIRTUAL org/apache/tapestry5/internal/plastic/StaticContext.get (I)Ljava/lang/Object;
    CHECKCAST org/apache/tapestry5/ioc/ObjectCreator
    PUTFIELD $MasterObjectProvider_a12c8735b524.creator : Lorg/apache/tapestry5/ioc/ObjectCreator;
    ALOAD 0
    ALOAD 1
    ICONST_1
    INVOKEVIRTUAL org/apache/tapestry5/internal/plastic/StaticContext.get (I)Ljava/lang/Object;
    CHECKCAST org/apache/tapestry5/ioc/internal/ServiceProxyToken
    PUTFIELD $MasterObjectProvider_a12c8735b524.token : Lorg/apache/tapestry5/ioc/internal/ServiceProxyToken;
    RETURN
    MAXSTACK = 0
    MAXLOCALS = 0
}

18:46:52.431 [Test worker] DEBUG org.apache.tapestry5.ioc.Registry - [  1] <-- Creating proxy for service MasterObjectProvider [3.21 ms]
18:46:52.431 [Test worker] DEBUG org.apache.tapestry5.ioc.Registry - [  1] --> Realizing service MasterObjectProvider
18:46:52.431 [Test worker] DEBUG org.apache.tapestry5.ioc.Registry - [  2] --> Instantiating service MasterObjectProvider implementation via org.apache.tapestry5.ioc.internal.services.MasterObjectProviderImpl(List, OperationTracker) (at MasterObjectProviderImpl.java:33) via org.apache.tapestry5.ioc.modules.TapestryIOCModule.bind(ServiceBinder) (at TapestryIOCModule.java:50)
18:46:52.431 [Test worker] DEBUG org.apache.tapestry5.ioc.Registry - [  3] --> Creating plan to instantiate org.apache.tapestry5.ioc.internal.services.MasterObjectProviderImpl via public org.apache.tapestry5.ioc.internal.services.MasterObjectProviderImpl(java.util.List,org.apache.tapestry5.ioc.OperationTracker)
18:46:52.431 [Test worker] DEBUG org.apache.tapestry5.ioc.Registry - [  4] --> Determining injection value for parameter #1 (java.util.List)
18:46:52.431 [Test worker] DEBUG org.apache.tapestry5.ioc.Registry - [  5] --> Collecting ordered configuration for service MasterObjectProvider
18:46:52.433 [Test worker] DEBUG o.a.t.i.m.T.MasterObjectProvider - Invoking org.apache.tapestry5.ioc.modules.TapestryIOCModule.setupObjectProviders(OrderedConfiguration, ServiceOverride) (at TapestryIOCModule.java:134)
18:46:52.434 [Test worker] DEBUG org.apache.tapestry5.ioc.Registry - [  6] --> Invoking org.apache.tapestry5.ioc.modules.TapestryIOCModule.setupObjectProviders(OrderedConfiguration, ServiceOverride) (at TapestryIOCModule.java:134)
18:46:52.434 [Test worker] DEBUG org.apache.tapestry5.ioc.Registry - [  7] --> Determining injection value for parameter #1 (org.apache.tapestry5.ioc.OrderedConfiguration)
18:46:52.434 [Test worker] DEBUG org.apache.tapestry5.ioc.Registry - [  7] <-- Determining injection value for parameter #1 (org.apache.tapestry5.ioc.OrderedConfiguration) [0.10 ms]
18:46:52.434 [Test worker] DEBUG org.apache.tapestry5.ioc.Registry - [  7] --> Determining injection value for parameter #2 (org.apache.tapestry5.ioc.services.ServiceOverride)
18:46:52.434 [Test worker] DEBUG o.a.t.i.m.T.ServiceOverride - Creating proxy for service ServiceOverride
18:46:52.434 [Test worker] DEBUG org.apache.tapestry5.ioc.Registry - [  8] --> Creating proxy for service ServiceOverride
18:46:52.436 [Test worker] DEBUG o.a.t.i.m.T.PlasticProxyFactory - Loading class $ServiceOverride_a12c8735b525:
// class version 49.0 (49)
// access flags 0x1
public class $ServiceOverride_a12c8735b525 implements org/apache/tapestry5/ioc/services/ServiceOverride java/io/Serializable  {


  // access flags 0x12
  private final Lorg/apache/tapestry5/ioc/ObjectCreator; creator

  // access flags 0x12
  private final Lorg/apache/tapestry5/ioc/internal/ServiceProxyToken; token

  // access flags 0x1
  public getServiceOverrideProvider()Lorg/apache/tapestry5/ioc/ObjectProvider;
    ALOAD 0
    INVOKESPECIAL $ServiceOverride_a12c8735b525.delegate ()Lorg/apache/tapestry5/ioc/services/ServiceOverride;
    INVOKEINTERFACE org/apache/tapestry5/ioc/services/ServiceOverride.getServiceOverrideProvider ()Lorg/apache/tapestry5/ioc/ObjectProvider;
    ARETURN
    MAXSTACK = 0
    MAXLOCALS = 0

  // access flags 0x1010
  final reject_field_change_creator(Lorg/apache/tapestry5/ioc/ObjectCreator;)V
    NEW java/lang/IllegalStateException
    DUP
    LDC "Field creator of class $ServiceOverride_a12c8735b525 is read-only."
    INVOKESPECIAL java/lang/IllegalStateException.<init> (Ljava/lang/String;)V
    ATHROW
    MAXSTACK = 0
    MAXLOCALS = 0

  // access flags 0x1010
  final reject_field_change_token(Lorg/apache/tapestry5/ioc/internal/ServiceProxyToken;)V
    NEW java/lang/IllegalStateException
    DUP
    LDC "Field token of class $ServiceOverride_a12c8735b525 is read-only."
    INVOKESPECIAL java/lang/IllegalStateException.<init> (Ljava/lang/String;)V
    ATHROW
    MAXSTACK = 0
    MAXLOCALS = 0

  // access flags 0x2
  private delegate()Lorg/apache/tapestry5/ioc/services/ServiceOverride;
    ALOAD 0
    GETFIELD $ServiceOverride_a12c8735b525.creator : Lorg/apache/tapestry5/ioc/ObjectCreator;
    INVOKEINTERFACE org/apache/tapestry5/ioc/ObjectCreator.createObject ()Ljava/lang/Object;
    CHECKCAST org/apache/tapestry5/ioc/services/ServiceOverride
    ARETURN
    MAXSTACK = 0
    MAXLOCALS = 0

  // access flags 0x2
  private writeReplace()Ljava/lang/Object; throws java/io/ObjectStreamException 
    ALOAD 0
    GETFIELD $ServiceOverride_a12c8735b525.token : Lorg/apache/tapestry5/ioc/internal/ServiceProxyToken;
    ARETURN
    MAXSTACK = 0
    MAXLOCALS = 0

  // access flags 0x1
  public toString()Ljava/lang/String;
    LDC "<Proxy for ServiceOverride(org.apache.tapestry5.ioc.services.ServiceOverride)>"
    ARETURN
    MAXSTACK = 0
    MAXLOCALS = 0

  // access flags 0x1
  public <init>(Lorg/apache/tapestry5/internal/plastic/StaticContext;Lorg/apache/tapestry5/plastic/InstanceContext;)V
    ALOAD 0
    INVOKESPECIAL java/lang/Object.<init> ()V
    ALOAD 0
    ALOAD 1
    ICONST_0
    INVOKEVIRTUAL org/apache/tapestry5/internal/plastic/StaticContext.get (I)Ljava/lang/Object;
    CHECKCAST org/apache/tapestry5/ioc/ObjectCreator
    PUTFIELD $ServiceOverride_a12c8735b525.creator : Lorg/apache/tapestry5/ioc/ObjectCreator;
    ALOAD 0
    ALOAD 1
    ICONST_1
    INVOKEVIRTUAL org/apache/tapestry5/internal/plastic/StaticContext.get (I)Ljava/lang/Object;
    CHECKCAST org/apache/tapestry5/ioc/internal/ServiceProxyToken
    PUTFIELD $ServiceOverride_a12c8735b525.token : Lorg/apache/tapestry5/ioc/internal/ServiceProxyToken;
    RETURN
    MAXSTACK = 0
    MAXLOCALS = 0
}

18:46:52.437 [Test worker] DEBUG org.apache.tapestry5.ioc.Registry - [  8] <-- Creating proxy for service ServiceOverride [2.83 ms]
18:46:52.437 [Test worker] DEBUG org.apache.tapestry5.ioc.Registry - [  7] <-- Determining injection value for parameter #2 (org.apache.tapestry5.ioc.services.ServiceOverride) [3.23 ms]
18:46:52.438 [Test worker] DEBUG org.apache.tapestry5.ioc.Registry - [  7] --> Autobuilding instance of class org.apache.tapestry5.ioc.internal.services.ValueObjectProvider
18:46:52.438 [Test worker] DEBUG org.apache.tapestry5.ioc.Registry - [  8] --> Creating plan to instantiate org.apache.tapestry5.ioc.internal.services.ValueObjectProvider via public org.apache.tapestry5.ioc.internal.services.ValueObjectProvider(org.apache.tapestry5.ioc.services.SymbolSource,org.apache.tapestry5.ioc.services.TypeCoercer)
18:46:52.439 [Test worker] DEBUG org.apache.tapestry5.ioc.Registry - [  9] --> Determining injection value for parameter #1 (org.apache.tapestry5.ioc.services.SymbolSource)
18:46:52.439 [Test worker] DEBUG o.a.t.i.m.T.SymbolSource - Creating proxy for service SymbolSource
18:46:52.439 [Test worker] DEBUG org.apache.tapestry5.ioc.Registry - [ 10] --> Creating proxy for service SymbolSource
18:46:52.439 [Test worker] DEBUG org.apache.tapestry5.ioc.Registry - [ 11] --> Obtaining AspectDecorator service
18:46:52.440 [Test worker] DEBUG org.apache.tapestry5.ioc.Registry - [ 11] <-- Obtaining AspectDecorator service [0.16 ms]
18:46:52.441 [Test worker] DEBUG o.a.t.i.m.T.PlasticProxyFactory - Loading class $SymbolSource_a12c8735b526:
// class version 49.0 (49)
// access flags 0x1
public class $SymbolSource_a12c8735b526 implements org/apache/tapestry5/ioc/services/SymbolSource java/io/Serializable  {


  // access flags 0x12
  private final Lorg/apache/tapestry5/ioc/ObjectCreator; creator

  // access flags 0x12
  private final Lorg/apache/tapestry5/ioc/internal/ServiceProxyToken; token

  // access flags 0x1
  public expandSymbols(Ljava/lang/String;)Ljava/lang/String;
    ALOAD 0
    INVOKESPECIAL $SymbolSource_a12c8735b526.delegate ()Lorg/apache/tapestry5/ioc/services/SymbolSource;
    ALOAD 1
    INVOKEINTERFACE org/apache/tapestry5/ioc/services/SymbolSource.expandSymbols (Ljava/lang/String;)Ljava/lang/String;
    ARETURN
    MAXSTACK = 0
    MAXLOCALS = 0

  // access flags 0x1
  public valueForSymbol(Ljava/lang/String;)Ljava/lang/String;
    ALOAD 0
    INVOKESPECIAL $SymbolSource_a12c8735b526.delegate ()Lorg/apache/tapestry5/ioc/services/SymbolSource;
    ALOAD 1
    INVOKEINTERFACE org/apache/tapestry5/ioc/services/SymbolSource.valueForSymbol (Ljava/lang/String;)Ljava/lang/String;
    ARETURN
    MAXSTACK = 0
    MAXLOCALS = 0

  // access flags 0x1010
  final reject_field_change_creator(Lorg/apache/tapestry5/ioc/ObjectCreator;)V
    NEW java/lang/IllegalStateException
    DUP
    LDC "Field creator of class $SymbolSource_a12c8735b526 is read-only."
    INVOKESPECIAL java/lang/IllegalStateException.<init> (Ljava/lang/String;)V
    ATHROW
    MAXSTACK = 0
    MAXLOCALS = 0

  // access flags 0x1010
  final reject_field_change_token(Lorg/apache/tapestry5/ioc/internal/ServiceProxyToken;)V
    NEW java/lang/IllegalStateException
    DUP
    LDC "Field token of class $SymbolSource_a12c8735b526 is read-only."
    INVOKESPECIAL java/lang/IllegalStateException.<init> (Ljava/lang/String;)V
    ATHROW
    MAXSTACK = 0
    MAXLOCALS = 0

  // access flags 0x2
  private delegate()Lorg/apache/tapestry5/ioc/services/SymbolSource;
    ALOAD 0
    GETFIELD $SymbolSource_a12c8735b526.creator : Lorg/apache/tapestry5/ioc/ObjectCreator;
    INVOKEINTERFACE org/apache/tapestry5/ioc/ObjectCreator.createObject ()Ljava/lang/Object;
    CHECKCAST org/apache/tapestry5/ioc/services/SymbolSource
    ARETURN
    MAXSTACK = 0
    MAXLOCALS = 0

  // access flags 0x2
  private writeReplace()Ljava/lang/Object; throws java/io/ObjectStreamException 
    ALOAD 0
    GETFIELD $SymbolSource_a12c8735b526.token : Lorg/apache/tapestry5/ioc/internal/ServiceProxyToken;
    ARETURN
    MAXSTACK = 0
    MAXLOCALS = 0

  // access flags 0x1
  public toString()Ljava/lang/String;
    LDC "<Proxy for SymbolSource(org.apache.tapestry5.ioc.services.SymbolSource)>"
    ARETURN
    MAXSTACK = 0
    MAXLOCALS = 0

  // access flags 0x1
  public <init>(Lorg/apache/tapestry5/internal/plastic/StaticContext;Lorg/apache/tapestry5/plastic/InstanceContext;)V
    ALOAD 0
    INVOKESPECIAL java/lang/Object.<init> ()V
    ALOAD 0
    ALOAD 1
    ICONST_0
    INVOKEVIRTUAL org/apache/tapestry5/internal/plastic/StaticContext.get (I)Ljava/lang/Object;
    CHECKCAST org/apache/tapestry5/ioc/ObjectCreator
    PUTFIELD $SymbolSource_a12c8735b526.creator : Lorg/apache/tapestry5/ioc/ObjectCreator;
    ALOAD 0
    ALOAD 1
    ICONST_1
    INVOKEVIRTUAL org/apache/tapestry5/internal/plastic/StaticContext.get (I)Ljava/lang/Object;
    CHECKCAST org/apache/tapestry5/ioc/internal/ServiceProxyToken
    PUTFIELD $SymbolSource_a12c8735b526.token : Lorg/apache/tapestry5/ioc/internal/ServiceProxyToken;
    RETURN
    MAXSTACK = 0
    MAXLOCALS = 0
}

18:46:52.442 [Test worker] DEBUG org.apache.tapestry5.ioc.Registry - [ 10] <-- Creating proxy for service SymbolSource [3.31 ms]
18:46:52.442 [Test worker] DEBUG org.apache.tapestry5.ioc.Registry - [  9] <-- Determining injection value for parameter #1 (org.apache.tapestry5.ioc.services.SymbolSource) [3.75 ms]
18:46:52.442 [Test worker] DEBUG org.apache.tapestry5.ioc.Registry - [  9] --> Determining injection value for parameter #2 (org.apache.tapestry5.ioc.services.TypeCoercer)
18:46:52.443 [Test worker] DEBUG o.a.t.i.m.T.TypeCoercer - Creating proxy for service TypeCoercer
18:46:52.443 [Test worker] DEBUG org.apache.tapestry5.ioc.Registry - [ 10] --> Creating proxy for service TypeCoercer
18:46:52.445 [Test worker] DEBUG org.apache.tapestry5.ioc.Registry - [ 11] --> Obtaining AspectDecorator service
18:46:52.445 [Test worker] DEBUG org.apache.tapestry5.ioc.Registry - [ 11] <-- Obtaining AspectDecorator service [0.19 ms]
18:46:52.446 [Test worker] DEBUG o.a.t.i.m.T.PlasticProxyFactory - Loading class $TypeCoercer_a12c8735b527:
// class version 49.0 (49)
// access flags 0x1
public class $TypeCoercer_a12c8735b527 implements org/apache/tapestry5/ioc/services/TypeCoercer java/io/Serializable  {


  // access flags 0x12
  private final Lorg/apache/tapestry5/ioc/ObjectCreator; creator

  // access flags 0x12
  private final Lorg/apache/tapestry5/ioc/internal/ServiceProxyToken; token

  // access flags 0x1
  public coerce(Ljava/lang/Object;Ljava/lang/Class;)Ljava/lang/Object;
    ALOAD 0
    INVOKESPECIAL $TypeCoercer_a12c8735b527.delegate ()Lorg/apache/tapestry5/ioc/services/TypeCoercer;
    ALOAD 1
    ALOAD 2
    INVOKEINTERFACE org/apache/tapestry5/ioc/services/TypeCoercer.coerce (Ljava/lang/Object;Ljava/lang/Class;)Ljava/lang/Object;
    ARETURN
    MAXSTACK = 0
    MAXLOCALS = 0

  // access flags 0x1
  public explain(Ljava/lang/Class;Ljava/lang/Class;)Ljava/lang/String;
    ALOAD 0
    INVOKESPECIAL $TypeCoercer_a12c8735b527.delegate ()Lorg/apache/tapestry5/ioc/services/TypeCoercer;
    ALOAD 1
    ALOAD 2
    INVOKEINTERFACE org/apache/tapestry5/ioc/services/TypeCoercer.explain (Ljava/lang/Class;Ljava/lang/Class;)Ljava/lang/String;
    ARETURN
    MAXSTACK = 0
    MAXLOCALS = 0

  // access flags 0x1
  public getCoercion(Ljava/lang/Class;Ljava/lang/Class;)Lorg/apache/tapestry5/ioc/services/Coercion;
    ALOAD 0
    INVOKESPECIAL $TypeCoercer_a12c8735b527.delegate ()Lorg/apache/tapestry5/ioc/services/TypeCoercer;
    ALOAD 1
    ALOAD 2
    INVOKEINTERFACE org/apache/tapestry5/ioc/services/TypeCoercer.getCoercion (Ljava/lang/Class;Ljava/lang/Class;)Lorg/apache/tapestry5/ioc/services/Coercion;
    ARETURN
    MAXSTACK = 0
    MAXLOCALS = 0

  // access flags 0x1
  public clearCache()V
    ALOAD 0
    INVOKESPECIAL $TypeCoercer_a12c8735b527.delegate ()Lorg/apache/tapestry5/ioc/services/TypeCoercer;
    INVOKEINTERFACE org/apache/tapestry5/ioc/services/TypeCoercer.clearCache ()V
    RETURN
    MAXSTACK = 0
    MAXLOCALS = 0

  // access flags 0x1010
  final reject_field_change_creator(Lorg/apache/tapestry5/ioc/ObjectCreator;)V
    NEW java/lang/IllegalStateException
    DUP
    LDC "Field creator of class $TypeCoercer_a12c8735b527 is read-only."
    INVOKESPECIAL java/lang/IllegalStateException.<init> (Ljava/lang/String;)V
    ATHROW
    MAXSTACK = 0
    MAXLOCALS = 0

  // access flags 0x1010
  final reject_field_change_token(Lorg/apache/tapestry5/ioc/internal/ServiceProxyToken;)V
    NEW java/lang/IllegalStateException
    DUP
    LDC "Field token of class $TypeCoercer_a12c8735b527 is read-only."
    INVOKESPECIAL java/lang/IllegalStateException.<init> (Ljava/lang/String;)V
    ATHROW
    MAXSTACK = 0
    MAXLOCALS = 0

  // access flags 0x2
  private delegate()Lorg/apache/tapestry5/ioc/services/TypeCoercer;
    ALOAD 0
    GETFIELD $TypeCoercer_a12c8735b527.creator : Lorg/apache/tapestry5/ioc/ObjectCreator;
    INVOKEINTERFACE org/apache/tapestry5/ioc/ObjectCreator.createObject ()Ljava/lang/Object;
    CHECKCAST org/apache/tapestry5/ioc/services/TypeCoercer
    ARETURN
    MAXSTACK = 0
    MAXLOCALS = 0

  // access flags 0x2
  private writeReplace()Ljava/lang/Object; throws java/io/ObjectStreamException 
    ALOAD 0
    GETFIELD $TypeCoercer_a12c8735b527.token : Lorg/apache/tapestry5/ioc/internal/ServiceProxyToken;
    ARETURN
    MAXSTACK = 0
    MAXLOCALS = 0

  // access flags 0x1
  public toString()Ljava/lang/String;
    LDC "<Proxy for TypeCoercer(org.apache.tapestry5.ioc.services.TypeCoercer)>"
    ARETURN
    MAXSTACK = 0
    MAXLOCALS = 0

  // access flags 0x1
  public <init>(Lorg/apache/tapestry5/internal/plastic/StaticContext;Lorg/apache/tapestry5/plastic/InstanceContext;)V
    ALOAD 0
    INVOKESPECIAL java/lang/Object.<init> ()V
    ALOAD 0
    ALOAD 1
    ICONST_0
    INVOKEVIRTUAL org/apache/tapestry5/internal/plastic/StaticContext.get (I)Ljava/lang/Object;
    CHECKCAST org/apache/tapestry5/ioc/ObjectCreator
    PUTFIELD $TypeCoercer_a12c8735b527.creator : Lorg/apache/tapestry5/ioc/ObjectCreator;
    ALOAD 0
    ALOAD 1
    ICONST_1
    INVOKEVIRTUAL org/apache/tapestry5/internal/plastic/StaticContext.get (I)Ljava/lang/Object;
    CHECKCAST org/apache/tapestry5/ioc/internal/ServiceProxyToken
    PUTFIELD $TypeCoercer_a12c8735b527.token : Lorg/apache/tapestry5/ioc/internal/ServiceProxyToken;
    RETURN
    MAXSTACK = 0
    MAXLOCALS = 0
}

18:46:52.448 [Test worker] DEBUG org.apache.tapestry5.ioc.Registry - [ 10] <-- Creating proxy for service TypeCoercer [5.03 ms]
18:46:52.448 [Test worker] DEBUG org.apache.tapestry5.ioc.Registry - [  9] <-- Determining injection value for parameter #2 (org.apache.tapestry5.ioc.services.TypeCoercer) [5.45 ms]
18:46:52.448 [Test worker] DEBUG org.apache.tapestry5.ioc.Registry - [  8] <-- Creating plan to instantiate org.apache.tapestry5.ioc.internal.services.ValueObjectProvider via public org.apache.tapestry5.ioc.internal.services.ValueObjectProvider(org.apache.tapestry5.ioc.services.SymbolSource,org.apache.tapestry5.ioc.services.TypeCoercer) [9.75 ms]
18:46:52.448 [Test worker] DEBUG org.apache.tapestry5.ioc.Registry - [  8] --> Invoking constructor org.apache.tapestry5.ioc.internal.services.ValueObjectProvider(SymbolSource, TypeCoercer) (at ValueObjectProvider.java:40) (for service 'MasterObjectProvider')
18:46:52.448 [Test worker] DEBUG o.a.t.i.m.T.MasterObjectProvider - Invoking constructor org.apache.tapestry5.ioc.internal.services.ValueObjectProvider(SymbolSource, TypeCoercer) (at ValueObjectProvider.java:40) (for service 'MasterObjectProvider')
18:46:52.448 [Test worker] DEBUG org.apache.tapestry5.ioc.Registry - [  8] <-- Invoking constructor org.apache.tapestry5.ioc.internal.services.ValueObjectProvider(SymbolSource, TypeCoercer) (at ValueObjectProvider.java:40) (for service 'MasterObjectProvider') [0.14 ms]
18:46:52.448 [Test worker] DEBUG org.apache.tapestry5.ioc.Registry - [  7] <-- Autobuilding instance of class org.apache.tapestry5.ioc.internal.services.ValueObjectProvider [10.81 ms]
18:46:52.449 [Test worker] DEBUG org.apache.tapestry5.ioc.Registry - [  7] --> Autobuilding instance of class org.apache.tapestry5.ioc.internal.services.SymbolObjectProvider
18:46:52.449 [Test worker] DEBUG org.apache.tapestry5.ioc.Registry - [  8] --> Creating plan to instantiate org.apache.tapestry5.ioc.internal.services.SymbolObjectProvider via public org.apache.tapestry5.ioc.internal.services.SymbolObjectProvider(org.apache.tapestry5.ioc.services.SymbolSource,org.apache.tapestry5.ioc.services.TypeCoercer)
18:46:52.450 [Test worker] DEBUG org.apache.tapestry5.ioc.Registry - [  9] --> Determining injection value for parameter #1 (org.apache.tapestry5.ioc.services.SymbolSource)
18:46:52.450 [Test worker] DEBUG org.apache.tapestry5.ioc.Registry - [  9] <-- Determining injection value for parameter #1 (org.apache.tapestry5.ioc.services.SymbolSource) [0.18 ms]
18:46:52.450 [Test worker] DEBUG org.apache.tapestry5.ioc.Registry - [  9] --> Determining injection value for parameter #2 (org.apache.tapestry5.ioc.services.TypeCoercer)
18:46:52.450 [Test worker] DEBUG org.apache.tapestry5.ioc.Registry - [  9] <-- Determining injection value for parameter #2 (org.apache.tapestry5.ioc.services.TypeCoercer) [0.14 ms]
18:46:52.450 [Test worker] DEBUG org.apache.tapestry5.ioc.Registry - [  8] <-- Creating plan to instantiate org.apache.tapestry5.ioc.internal.services.SymbolObjectProvider via public org.apache.tapestry5.ioc.internal.services.SymbolObjectProvider(org.apache.tapestry5.ioc.services.SymbolSource,org.apache.tapestry5.ioc.services.TypeCoercer) [0.88 ms]
18:46:52.450 [Test worker] DEBUG org.apache.tapestry5.ioc.Registry - [  8] --> Invoking constructor org.apache.tapestry5.ioc.internal.services.SymbolObjectProvider(SymbolSource, TypeCoercer) (at SymbolObjectProvider.java:38) (for service 'MasterObjectProvider')
18:46:52.450 [Test worker] DEBUG o.a.t.i.m.T.MasterObjectProvider - Invoking constructor org.apache.tapestry5.ioc.internal.services.SymbolObjectProvider(SymbolSource, TypeCoercer) (at SymbolObjectProvider.java:38) (for service 'MasterObjectProvider')
18:46:52.450 [Test worker] DEBUG org.apache.tapestry5.ioc.Registry - [  8] <-- Invoking constructor org.apache.tapestry5.ioc.internal.services.SymbolObjectProvider(SymbolSource, TypeCoercer) (at SymbolObjectProvider.java:38) (for service 'MasterObjectProvider') [0.13 ms]
18:46:52.451 [Test worker] DEBUG org.apache.tapestry5.ioc.Registry - [  7] <-- Autobuilding instance of class org.apache.tapestry5.ioc.internal.services.SymbolObjectProvider [1.93 ms]
18:46:52.451 [Test worker] DEBUG org.apache.tapestry5.ioc.Registry - [  6] <-- Invoking org.apache.tapestry5.ioc.modules.TapestryIOCModule.setupObjectProviders(OrderedConfiguration, ServiceOverride) (at TapestryIOCModule.java:134) [17.22 ms]
18:46:52.451 [Test worker] DEBUG org.apache.tapestry5.ioc.Registry - [  5] <-- Collecting ordered configuration for service MasterObjectProvider [20.01 ms]
18:46:52.451 [Test worker] DEBUG o.a.t.i.m.T.MasterObjectProvider - Constructed configuration: [org.apache.tapestry5.ioc.internal.services.ValueObjectProvider@1a588eb, org.apache.tapestry5.ioc.internal.services.SymbolObjectProvider@c02319, org.apache.tapestry5.ioc.internal.services.AutobuildObjectProvider@406fee, org.apache.tapestry5.ioc.modules.TapestryIOCModule$2@74a6b4, org.apache.tapestry5.ioc.internal.RegistryImpl$6@6c7bdc]
18:46:52.452 [Test worker] DEBUG org.apache.tapestry5.ioc.Registry - [  4] <-- Determining injection value for parameter #1 (java.util.List) [20.30 ms]
18:46:52.452 [Test worker] DEBUG org.apache.tapestry5.ioc.Registry - [  4] --> Determining injection value for parameter #2 (org.apache.tapestry5.ioc.OperationTracker)
18:46:52.452 [Test worker] DEBUG org.apache.tapestry5.ioc.Registry - [  4] <-- Determining injection value for parameter #2 (org.apache.tapestry5.ioc.OperationTracker) [0.09 ms]
18:46:52.452 [Test worker] DEBUG org.apache.tapestry5.ioc.Registry - [  3] <-- Creating plan to instantiate org.apache.tapestry5.ioc.internal.services.MasterObjectProviderImpl via public org.apache.tapestry5.ioc.internal.services.MasterObjectProviderImpl(java.util.List,org.apache.tapestry5.ioc.OperationTracker) [20.91 ms]
18:46:52.452 [Test worker] DEBUG org.apache.tapestry5.ioc.Registry - [  3] --> Invoking constructor org.apache.tapestry5.ioc.internal.services.MasterObjectProviderImpl(List, OperationTracker) (at MasterObjectProviderImpl.java:33) via org.apache.tapestry5.ioc.modules.TapestryIOCModule.bind(ServiceBinder) (at TapestryIOCModule.java:50) (for service 'MasterObjectProvider')
18:46:52.452 [Test worker] DEBUG o.a.t.i.m.T.MasterObjectProvider - Invoking constructor org.apache.tapestry5.ioc.internal.services.MasterObjectProviderImpl(List, OperationTracker) (at MasterObjectProviderImpl.java:33) via org.apache.tapestry5.ioc.modules.TapestryIOCModule.bind(ServiceBinder) (at TapestryIOCModule.java:50) (for service 'MasterObjectProvider')
18:46:52.452 [Test worker] DEBUG org.apache.tapestry5.ioc.Registry - [  3] <-- Invoking constructor org.apache.tapestry5.ioc.internal.services.MasterObjectProviderImpl(List, OperationTracker) (at MasterObjectProviderImpl.java:33) via org.apache.tapestry5.ioc.modules.TapestryIOCModule.bind(ServiceBinder) (at TapestryIOCModule.java:50) (for service 'MasterObjectProvider') [0.15 ms]
18:46:52.452 [Test worker] DEBUG org.apache.tapestry5.ioc.Registry - [  2] <-- Instantiating service MasterObjectProvider implementation via org.apache.tapestry5.ioc.internal.services.MasterObjectProviderImpl(List, OperationTracker) (at MasterObjectProviderImpl.java:33) via org.apache.tapestry5.ioc.modules.TapestryIOCModule.bind(ServiceBinder) (at TapestryIOCModule.java:50) [21.51 ms]
18:46:52.453 [Test worker] DEBUG org.apache.tapestry5.ioc.Registry - [  1] <-- Realizing service MasterObjectProvider [21.74 ms]
18:46:52.453 [Test worker] DEBUG org.apache.tapestry5.ioc.Registry - [  1] --> Resolving object of type org.pac.bootstraplab.services.db.persist.DBObjectGenerator using MasterObjectProvider
18:46:52.453 [Test worker] DEBUG org.apache.tapestry5.ioc.Registry - [  2] --> Realizing service ServiceOverride
18:46:52.453 [Test worker] DEBUG org.apache.tapestry5.ioc.Registry - [  3] --> Instantiating service ServiceOverride implementation via org.apache.tapestry5.ioc.internal.services.ServiceOverrideImpl(Map) (at ServiceOverrideImpl.java:31) via org.apache.tapestry5.ioc.modules.TapestryIOCModule.bind(ServiceBinder) (at TapestryIOCModule.java:50)
18:46:52.453 [Test worker] DEBUG org.apache.tapestry5.ioc.Registry - [  4] --> Creating plan to instantiate org.apache.tapestry5.ioc.internal.services.ServiceOverrideImpl via public org.apache.tapestry5.ioc.internal.services.ServiceOverrideImpl(java.util.Map)
18:46:52.453 [Test worker] DEBUG org.apache.tapestry5.ioc.Registry - [  5] --> Determining injection value for parameter #1 (java.util.Map)
18:46:52.453 [Test worker] DEBUG org.apache.tapestry5.ioc.Registry - [  6] --> Collecting mapped configuration for service ServiceOverride
18:46:52.454 [Test worker] DEBUG org.apache.tapestry5.ioc.Registry - [  6] <-- Collecting mapped configuration for service ServiceOverride [0.12 ms]
18:46:52.454 [Test worker] DEBUG o.a.t.i.m.T.ServiceOverride - Constructed configuration: {}
18:46:52.454 [Test worker] DEBUG org.apache.tapestry5.ioc.Registry - [  5] <-- Determining injection value for parameter #1 (java.util.Map) [0.45 ms]
18:46:52.454 [Test worker] DEBUG org.apache.tapestry5.ioc.Registry - [  4] <-- Creating plan to instantiate org.apache.tapestry5.ioc.internal.services.ServiceOverrideImpl via public org.apache.tapestry5.ioc.internal.services.ServiceOverrideImpl(java.util.Map) [0.81 ms]
18:46:52.454 [Test worker] DEBUG org.apache.tapestry5.ioc.Registry - [  4] --> Invoking constructor org.apache.tapestry5.ioc.internal.services.ServiceOverrideImpl(Map) (at ServiceOverrideImpl.java:31) via org.apache.tapestry5.ioc.modules.TapestryIOCModule.bind(ServiceBinder) (at TapestryIOCModule.java:50) (for service 'ServiceOverride')
18:46:52.454 [Test worker] DEBUG o.a.t.i.m.T.ServiceOverride - Invoking constructor org.apache.tapestry5.ioc.internal.services.ServiceOverrideImpl(Map) (at ServiceOverrideImpl.java:31) via org.apache.tapestry5.ioc.modules.TapestryIOCModule.bind(ServiceBinder) (at TapestryIOCModule.java:50) (for service 'ServiceOverride')
18:46:52.454 [Test worker] DEBUG org.apache.tapestry5.ioc.Registry - [  4] <-- Invoking constructor org.apache.tapestry5.ioc.internal.services.ServiceOverrideImpl(Map) (at ServiceOverrideImpl.java:31) via org.apache.tapestry5.ioc.modules.TapestryIOCModule.bind(ServiceBinder) (at TapestryIOCModule.java:50) (for service 'ServiceOverride') [0.14 ms]
18:46:52.454 [Test worker] DEBUG org.apache.tapestry5.ioc.Registry - [  3] <-- Instantiating service ServiceOverride implementation via org.apache.tapestry5.ioc.internal.services.ServiceOverrideImpl(Map) (at ServiceOverrideImpl.java:31) via org.apache.tapestry5.ioc.modules.TapestryIOCModule.bind(ServiceBinder) (at TapestryIOCModule.java:50) [1.42 ms]
18:46:52.455 [Test worker] DEBUG org.apache.tapestry5.ioc.Registry - [  2] <-- Realizing service ServiceOverride [1.65 ms]
18:46:52.455 [Test worker] DEBUG o.p.t.m.D.DBObjectGenerator - Creating proxy for service DBObjectGenerator
18:46:52.455 [Test worker] DEBUG org.apache.tapestry5.ioc.Registry - [  2] --> Creating proxy for service DBObjectGenerator
18:46:52.456 [Test worker] DEBUG org.apache.tapestry5.ioc.Registry - [  3] --> Obtaining AspectDecorator service
18:46:52.457 [Test worker] DEBUG org.apache.tapestry5.ioc.Registry - [  3] <-- Obtaining AspectDecorator service [0.21 ms]
18:46:52.458 [Test worker] DEBUG o.a.t.i.m.T.PlasticProxyFactory - Loading class $DBObjectGenerator_a12c8735b528:
// class version 49.0 (49)
// access flags 0x1
public class $DBObjectGenerator_a12c8735b528 implements org/pac/bootstraplab/services/db/persist/DBObjectGenerator java/io/Serializable  {


  // access flags 0x12
  private final Lorg/apache/tapestry5/ioc/ObjectCreator; creator

  // access flags 0x12
  private final Lorg/apache/tapestry5/ioc/internal/ServiceProxyToken; token

  // access flags 0x1
  public generateFrom(Ljava/lang/Object;)Lcom/mongodb/DBObject;
    ALOAD 0
    INVOKESPECIAL $DBObjectGenerator_a12c8735b528.delegate ()Lorg/pac/bootstraplab/services/db/persist/DBObjectGenerator;
    ALOAD 1
    INVOKEINTERFACE org/pac/bootstraplab/services/db/persist/DBObjectGenerator.generateFrom (Ljava/lang/Object;)Lcom/mongodb/DBObject;
    ARETURN
    MAXSTACK = 0
    MAXLOCALS = 0

  // access flags 0x1010
  final reject_field_change_creator(Lorg/apache/tapestry5/ioc/ObjectCreator;)V
    NEW java/lang/IllegalStateException
    DUP
    LDC "Field creator of class $DBObjectGenerator_a12c8735b528 is read-only."
    INVOKESPECIAL java/lang/IllegalStateException.<init> (Ljava/lang/String;)V
    ATHROW
    MAXSTACK = 0
    MAXLOCALS = 0

  // access flags 0x1010
  final reject_field_change_token(Lorg/apache/tapestry5/ioc/internal/ServiceProxyToken;)V
    NEW java/lang/IllegalStateException
    DUP
    LDC "Field token of class $DBObjectGenerator_a12c8735b528 is read-only."
    INVOKESPECIAL java/lang/IllegalStateException.<init> (Ljava/lang/String;)V
    ATHROW
    MAXSTACK = 0
    MAXLOCALS = 0

  // access flags 0x2
  private delegate()Lorg/pac/bootstraplab/services/db/persist/DBObjectGenerator;
    ALOAD 0
    GETFIELD $DBObjectGenerator_a12c8735b528.creator : Lorg/apache/tapestry5/ioc/ObjectCreator;
    INVOKEINTERFACE org/apache/tapestry5/ioc/ObjectCreator.createObject ()Ljava/lang/Object;
    CHECKCAST org/pac/bootstraplab/services/db/persist/DBObjectGenerator
    ARETURN
    MAXSTACK = 0
    MAXLOCALS = 0

  // access flags 0x2
  private writeReplace()Ljava/lang/Object; throws java/io/ObjectStreamException 
    ALOAD 0
    GETFIELD $DBObjectGenerator_a12c8735b528.token : Lorg/apache/tapestry5/ioc/internal/ServiceProxyToken;
    ARETURN
    MAXSTACK = 0
    MAXLOCALS = 0

  // access flags 0x1
  public toString()Ljava/lang/String;
    LDC "<Proxy for DBObjectGenerator(org.pac.bootstraplab.services.db.persist.DBObjectGenerator)>"
    ARETURN
    MAXSTACK = 0
    MAXLOCALS = 0

  // access flags 0x1
  public <init>(Lorg/apache/tapestry5/internal/plastic/StaticContext;Lorg/apache/tapestry5/plastic/InstanceContext;)V
    ALOAD 0
    INVOKESPECIAL java/lang/Object.<init> ()V
    ALOAD 0
    ALOAD 1
    ICONST_0
    INVOKEVIRTUAL org/apache/tapestry5/internal/plastic/StaticContext.get (I)Ljava/lang/Object;
    CHECKCAST org/apache/tapestry5/ioc/ObjectCreator
    PUTFIELD $DBObjectGenerator_a12c8735b528.creator : Lorg/apache/tapestry5/ioc/ObjectCreator;
    ALOAD 0
    ALOAD 1
    ICONST_1
    INVOKEVIRTUAL org/apache/tapestry5/internal/plastic/StaticContext.get (I)Ljava/lang/Object;
    CHECKCAST org/apache/tapestry5/ioc/internal/ServiceProxyToken
    PUTFIELD $DBObjectGenerator_a12c8735b528.token : Lorg/apache/tapestry5/ioc/internal/ServiceProxyToken;
    RETURN
    MAXSTACK = 0
    MAXLOCALS = 0
}

18:46:52.459 [Test worker] DEBUG org.apache.tapestry5.ioc.Registry - [  2] <-- Creating proxy for service DBObjectGenerator [4.20 ms]
18:46:52.459 [Test worker] DEBUG org.apache.tapestry5.ioc.Registry - [  1] <-- Resolving object of type org.pac.bootstraplab.services.db.persist.DBObjectGenerator using MasterObjectProvider [6.58 ms]
18:46:52.469 [Test worker] DEBUG org.apache.tapestry5.ioc.Registry - [  1] --> Realizing service DBObjectGenerator
18:46:52.469 [Test worker] DEBUG org.apache.tapestry5.ioc.Registry - [  2] --> Instantiating service DBObjectGenerator implementation via org.pac.bootstraplab.services.db.persist.DBObjectGeneratorImpl() (at DBObjectGeneratorImpl.java:13) via org.pac.test.modules.DBTestModule.bind(ServiceBinder) (at DBTestModule.java:31)
18:46:52.469 [Test worker] DEBUG org.apache.tapestry5.ioc.Registry - [  3] --> Creating plan to instantiate org.pac.bootstraplab.services.db.persist.DBObjectGeneratorImpl via public org.pac.bootstraplab.services.db.persist.DBObjectGeneratorImpl()
18:46:52.470 [Test worker] DEBUG org.apache.tapestry5.ioc.Registry - [  4] --> Calculating possible injection value for field org.pac.bootstraplab.services.db.persist.DBObjectGeneratorImpl.fieldValueExtractor (org.pac.bootstraplab.services.db.persist.EntityFieldValueEncoder)
18:46:52.470 [Test worker] DEBUG org.apache.tapestry5.ioc.Registry - [  5] --> Resolving object of type org.pac.bootstraplab.services.db.persist.EntityFieldValueEncoder using MasterObjectProvider
18:46:52.470 [Test worker] DEBUG o.p.t.m.D.EntityFieldValueExtractor - Creating proxy for service EntityFieldValueExtractor
18:46:52.470 [Test worker] DEBUG org.apache.tapestry5.ioc.Registry - [  6] --> Creating proxy for service EntityFieldValueExtractor
18:46:52.472 [Test worker] DEBUG org.apache.tapestry5.ioc.Registry - [  7] --> Obtaining AspectDecorator service
18:46:52.472 [Test worker] DEBUG org.apache.tapestry5.ioc.Registry - [  7] <-- Obtaining AspectDecorator service [0.21 ms]
18:46:52.473 [Test worker] DEBUG o.a.t.i.m.T.PlasticProxyFactory - Loading class $EntityFieldValueEncoder_a12c8735b529:
// class version 49.0 (49)
// access flags 0x1
public class $EntityFieldValueEncoder_a12c8735b529 implements org/pac/bootstraplab/services/db/persist/EntityFieldValueEncoder java/io/Serializable  {


  // access flags 0x12
  private final Lorg/apache/tapestry5/ioc/ObjectCreator; creator

  // access flags 0x12
  private final Lorg/apache/tapestry5/ioc/internal/ServiceProxyToken; token

  // access flags 0x1
  public encode(Ljava/lang/Object;)Ljava/lang/Object;
    ALOAD 0
    INVOKESPECIAL $EntityFieldValueEncoder_a12c8735b529.delegate ()Lorg/pac/bootstraplab/services/db/persist/EntityFieldValueEncoder;
    ALOAD 1
    INVOKEINTERFACE org/pac/bootstraplab/services/db/persist/EntityFieldValueEncoder.encode (Ljava/lang/Object;)Ljava/lang/Object;
    ARETURN
    MAXSTACK = 0
    MAXLOCALS = 0

  // access flags 0x1010
  final reject_field_change_creator(Lorg/apache/tapestry5/ioc/ObjectCreator;)V
    NEW java/lang/IllegalStateException
    DUP
    LDC "Field creator of class $EntityFieldValueEncoder_a12c8735b529 is read-only."
    INVOKESPECIAL java/lang/IllegalStateException.<init> (Ljava/lang/String;)V
    ATHROW
    MAXSTACK = 0
    MAXLOCALS = 0

  // access flags 0x1010
  final reject_field_change_token(Lorg/apache/tapestry5/ioc/internal/ServiceProxyToken;)V
    NEW java/lang/IllegalStateException
    DUP
    LDC "Field token of class $EntityFieldValueEncoder_a12c8735b529 is read-only."
    INVOKESPECIAL java/lang/IllegalStateException.<init> (Ljava/lang/String;)V
    ATHROW
    MAXSTACK = 0
    MAXLOCALS = 0

  // access flags 0x2
  private delegate()Lorg/pac/bootstraplab/services/db/persist/EntityFieldValueEncoder;
    ALOAD 0
    GETFIELD $EntityFieldValueEncoder_a12c8735b529.creator : Lorg/apache/tapestry5/ioc/ObjectCreator;
    INVOKEINTERFACE org/apache/tapestry5/ioc/ObjectCreator.createObject ()Ljava/lang/Object;
    CHECKCAST org/pac/bootstraplab/services/db/persist/EntityFieldValueEncoder
    ARETURN
    MAXSTACK = 0
    MAXLOCALS = 0

  // access flags 0x2
  private writeReplace()Ljava/lang/Object; throws java/io/ObjectStreamException 
    ALOAD 0
    GETFIELD $EntityFieldValueEncoder_a12c8735b529.token : Lorg/apache/tapestry5/ioc/internal/ServiceProxyToken;
    ARETURN
    MAXSTACK = 0
    MAXLOCALS = 0

  // access flags 0x1
  public toString()Ljava/lang/String;
    LDC "<Proxy for EntityFieldValueExtractor(org.pac.bootstraplab.services.db.persist.EntityFieldValueEncoder)>"
    ARETURN
    MAXSTACK = 0
    MAXLOCALS = 0

  // access flags 0x1
  public <init>(Lorg/apache/tapestry5/internal/plastic/StaticContext;Lorg/apache/tapestry5/plastic/InstanceContext;)V
    ALOAD 0
    INVOKESPECIAL java/lang/Object.<init> ()V
    ALOAD 0
    ALOAD 1
    ICONST_0
    INVOKEVIRTUAL org/apache/tapestry5/internal/plastic/StaticContext.get (I)Ljava/lang/Object;
    CHECKCAST org/apache/tapestry5/ioc/ObjectCreator
    PUTFIELD $EntityFieldValueEncoder_a12c8735b529.creator : Lorg/apache/tapestry5/ioc/ObjectCreator;
    ALOAD 0
    ALOAD 1
    ICONST_1
    INVOKEVIRTUAL org/apache/tapestry5/internal/plastic/StaticContext.get (I)Ljava/lang/Object;
    CHECKCAST org/apache/tapestry5/ioc/internal/ServiceProxyToken
    PUTFIELD $EntityFieldValueEncoder_a12c8735b529.token : Lorg/apache/tapestry5/ioc/internal/ServiceProxyToken;
    RETURN
    MAXSTACK = 0
    MAXLOCALS = 0
}

18:46:52.474 [Test worker] DEBUG org.apache.tapestry5.ioc.Registry - [  6] <-- Creating proxy for service EntityFieldValueExtractor [4.15 ms]
18:46:52.475 [Test worker] DEBUG org.apache.tapestry5.ioc.Registry - [  5] <-- Resolving object of type org.pac.bootstraplab.services.db.persist.EntityFieldValueEncoder using MasterObjectProvider [4.69 ms]
18:46:52.475 [Test worker] DEBUG org.apache.tapestry5.ioc.Registry - [  4] <-- Calculating possible injection value for field org.pac.bootstraplab.services.db.persist.DBObjectGeneratorImpl.fieldValueExtractor (org.pac.bootstraplab.services.db.persist.EntityFieldValueEncoder) [5.20 ms]
18:46:52.475 [Test worker] DEBUG org.apache.tapestry5.ioc.Registry - [  3] <-- Creating plan to instantiate org.pac.bootstraplab.services.db.persist.DBObjectGeneratorImpl via public org.pac.bootstraplab.services.db.persist.DBObjectGeneratorImpl() [5.57 ms]
18:46:52.475 [Test worker] DEBUG org.apache.tapestry5.ioc.Registry - [  3] --> Invoking constructor org.pac.bootstraplab.services.db.persist.DBObjectGeneratorImpl() (at DBObjectGeneratorImpl.java:13) via org.pac.test.modules.DBTestModule.bind(ServiceBinder) (at DBTestModule.java:31) (for service 'DBObjectGenerator')
18:46:52.475 [Test worker] DEBUG o.p.t.m.D.DBObjectGenerator - Invoking constructor org.pac.bootstraplab.services.db.persist.DBObjectGeneratorImpl() (at DBObjectGeneratorImpl.java:13) via org.pac.test.modules.DBTestModule.bind(ServiceBinder) (at DBTestModule.java:31) (for service 'DBObjectGenerator')
18:46:52.475 [Test worker] DEBUG org.apache.tapestry5.ioc.Registry - [  3] <-- Invoking constructor org.pac.bootstraplab.services.db.persist.DBObjectGeneratorImpl() (at DBObjectGeneratorImpl.java:13) via org.pac.test.modules.DBTestModule.bind(ServiceBinder) (at DBTestModule.java:31) (for service 'DBObjectGenerator') [0.15 ms]
18:46:52.475 [Test worker] DEBUG org.apache.tapestry5.ioc.Registry - [  3] --> Injecting <Proxy for EntityFieldValueExtractor(org.pac.bootstraplab.services.db.persist.EntityFieldValueEncoder)> into field fieldValueExtractor of class org.pac.bootstraplab.services.db.persist.DBObjectGeneratorImpl.
18:46:52.476 [Test worker] DEBUG org.apache.tapestry5.ioc.Registry - [  3] <-- Injecting <Proxy for EntityFieldValueExtractor(org.pac.bootstraplab.services.db.persist.EntityFieldValueEncoder)> into field fieldValueExtractor of class org.pac.bootstraplab.services.db.persist.DBObjectGeneratorImpl. [0.11 ms]
18:46:52.476 [Test worker] DEBUG org.apache.tapestry5.ioc.Registry - [  2] <-- Instantiating service DBObjectGenerator implementation via org.pac.bootstraplab.services.db.persist.DBObjectGeneratorImpl() (at DBObjectGeneratorImpl.java:13) via org.pac.test.modules.DBTestModule.bind(ServiceBinder) (at DBTestModule.java:31) [6.54 ms]
18:46:52.476 [Test worker] DEBUG org.apache.tapestry5.ioc.Registry - [  1] <-- Realizing service DBObjectGenerator [6.99 ms]
18:46:52.477 [Test worker] DEBUG org.apache.tapestry5.ioc.Registry - [  1] --> Realizing service EntityFieldValueExtractor
18:46:52.477 [Test worker] DEBUG org.apache.tapestry5.ioc.Registry - [  2] --> Instantiating service EntityFieldValueExtractor implementation via org.pac.test.modules.DBTestModule.buildEntityFieldValueExtractor(StrategyBuilder, Map) (at DBTestModule.java:37)
18:46:52.478 [Test worker] DEBUG org.apache.tapestry5.ioc.Registry - [  3] --> Constructing module class org.pac.test.modules.DBTestModule
18:46:52.478 [Test worker] DEBUG org.apache.tapestry5.ioc.Registry - [  3] <-- Constructing module class org.pac.test.modules.DBTestModule [0.23 ms]
18:46:52.479 [Test worker] DEBUG org.apache.tapestry5.ioc.Registry - [  3] --> Creating plan to invoke public org.pac.bootstraplab.services.db.persist.EntityFieldValueEncoder org.pac.test.modules.DBTestModule.buildEntityFieldValueExtractor(org.apache.tapestry5.ioc.services.StrategyBuilder,java.util.Map)
18:46:52.479 [Test worker] DEBUG org.apache.tapestry5.ioc.Registry - [  4] --> Determining injection value for parameter #1 (org.apache.tapestry5.ioc.services.StrategyBuilder)
18:46:52.479 [Test worker] DEBUG org.apache.tapestry5.ioc.Registry - [  5] --> Resolving object of type org.apache.tapestry5.ioc.services.StrategyBuilder using MasterObjectProvider
18:46:52.480 [Test worker] DEBUG o.a.t.i.m.T.StrategyBuilder - Creating proxy for service StrategyBuilder
18:46:52.480 [Test worker] DEBUG org.apache.tapestry5.ioc.Registry - [  6] --> Creating proxy for service StrategyBuilder
18:46:52.481 [Test worker] DEBUG org.apache.tapestry5.ioc.Registry - [  7] --> Obtaining AspectDecorator service
18:46:52.481 [Test worker] DEBUG org.apache.tapestry5.ioc.Registry - [  7] <-- Obtaining AspectDecorator service [0.24 ms]
18:46:52.483 [Test worker] DEBUG o.a.t.i.m.T.PlasticProxyFactory - Loading class $StrategyBuilder_a12c8735b52a:
// class version 49.0 (49)
// access flags 0x1
public class $StrategyBuilder_a12c8735b52a implements org/apache/tapestry5/ioc/services/StrategyBuilder java/io/Serializable  {


  // access flags 0x12
  private final Lorg/apache/tapestry5/ioc/ObjectCreator; creator

  // access flags 0x12
  private final Lorg/apache/tapestry5/ioc/internal/ServiceProxyToken; token

  // access flags 0x1
  public build(Lorg/apache/tapestry5/ioc/util/StrategyRegistry;)Ljava/lang/Object;
    ALOAD 0
    INVOKESPECIAL $StrategyBuilder_a12c8735b52a.delegate ()Lorg/apache/tapestry5/ioc/services/StrategyBuilder;
    ALOAD 1
    INVOKEINTERFACE org/apache/tapestry5/ioc/services/StrategyBuilder.build (Lorg/apache/tapestry5/ioc/util/StrategyRegistry;)Ljava/lang/Object;
    ARETURN
    MAXSTACK = 0
    MAXLOCALS = 0

  // access flags 0x1
  public build(Ljava/lang/Class;Ljava/util/Map;)Ljava/lang/Object;
    ALOAD 0
    INVOKESPECIAL $StrategyBuilder_a12c8735b52a.delegate ()Lorg/apache/tapestry5/ioc/services/StrategyBuilder;
    ALOAD 1
    ALOAD 2
    INVOKEINTERFACE org/apache/tapestry5/ioc/services/StrategyBuilder.build (Ljava/lang/Class;Ljava/util/Map;)Ljava/lang/Object;
    ARETURN
    MAXSTACK = 0
    MAXLOCALS = 0

  // access flags 0x1010
  final reject_field_change_creator(Lorg/apache/tapestry5/ioc/ObjectCreator;)V
    NEW java/lang/IllegalStateException
    DUP
    LDC "Field creator of class $StrategyBuilder_a12c8735b52a is read-only."
    INVOKESPECIAL java/lang/IllegalStateException.<init> (Ljava/lang/String;)V
    ATHROW
    MAXSTACK = 0
    MAXLOCALS = 0

  // access flags 0x1010
  final reject_field_change_token(Lorg/apache/tapestry5/ioc/internal/ServiceProxyToken;)V
    NEW java/lang/IllegalStateException
    DUP
    LDC "Field token of class $StrategyBuilder_a12c8735b52a is read-only."
    INVOKESPECIAL java/lang/IllegalStateException.<init> (Ljava/lang/String;)V
    ATHROW
    MAXSTACK = 0
    MAXLOCALS = 0

  // access flags 0x2
  private delegate()Lorg/apache/tapestry5/ioc/services/StrategyBuilder;
    ALOAD 0
    GETFIELD $StrategyBuilder_a12c8735b52a.creator : Lorg/apache/tapestry5/ioc/ObjectCreator;
    INVOKEINTERFACE org/apache/tapestry5/ioc/ObjectCreator.createObject ()Ljava/lang/Object;
    CHECKCAST org/apache/tapestry5/ioc/services/StrategyBuilder
    ARETURN
    MAXSTACK = 0
    MAXLOCALS = 0

  // access flags 0x2
  private writeReplace()Ljava/lang/Object; throws java/io/ObjectStreamException 
    ALOAD 0
    GETFIELD $StrategyBuilder_a12c8735b52a.token : Lorg/apache/tapestry5/ioc/internal/ServiceProxyToken;
    ARETURN
    MAXSTACK = 0
    MAXLOCALS = 0

  // access flags 0x1
  public toString()Ljava/lang/String;
    LDC "<Proxy for StrategyBuilder(org.apache.tapestry5.ioc.services.StrategyBuilder)>"
    ARETURN
    MAXSTACK = 0
    MAXLOCALS = 0

  // access flags 0x1
  public <init>(Lorg/apache/tapestry5/internal/plastic/StaticContext;Lorg/apache/tapestry5/plastic/InstanceContext;)V
    ALOAD 0
    INVOKESPECIAL java/lang/Object.<init> ()V
    ALOAD 0
    ALOAD 1
    ICONST_0
    INVOKEVIRTUAL org/apache/tapestry5/internal/plastic/StaticContext.get (I)Ljava/lang/Object;
    CHECKCAST org/apache/tapestry5/ioc/ObjectCreator
    PUTFIELD $StrategyBuilder_a12c8735b52a.creator : Lorg/apache/tapestry5/ioc/ObjectCreator;
    ALOAD 0
    ALOAD 1
    ICONST_1
    INVOKEVIRTUAL org/apache/tapestry5/internal/plastic/StaticContext.get (I)Ljava/lang/Object;
    CHECKCAST org/apache/tapestry5/ioc/internal/ServiceProxyToken
    PUTFIELD $StrategyBuilder_a12c8735b52a.token : Lorg/apache/tapestry5/ioc/internal/ServiceProxyToken;
    RETURN
    MAXSTACK = 0
    MAXLOCALS = 0
}

18:46:52.484 [Test worker] DEBUG org.apache.tapestry5.ioc.Registry - [  6] <-- Creating proxy for service StrategyBuilder [4.26 ms]
18:46:52.484 [Test worker] DEBUG org.apache.tapestry5.ioc.Registry - [  5] <-- Resolving object of type org.apache.tapestry5.ioc.services.StrategyBuilder using MasterObjectProvider [4.83 ms]
18:46:52.484 [Test worker] DEBUG org.apache.tapestry5.ioc.Registry - [  4] <-- Determining injection value for parameter #1 (org.apache.tapestry5.ioc.services.StrategyBuilder) [5.19 ms]
18:46:52.485 [Test worker] DEBUG org.apache.tapestry5.ioc.Registry - [  4] --> Determining injection value for parameter #2 (java.util.Map)
18:46:52.485 [Test worker] DEBUG org.apache.tapestry5.ioc.Registry - [  5] --> Collecting mapped configuration for service EntityFieldValueExtractor
18:46:52.486 [Test worker] DEBUG o.p.t.m.D.EntityFieldValueExtractor - Invoking org.pac.test.modules.DBTestModule.contributeFieldValueExtractorStrategies(MappedConfiguration, EntityFieldValueEncoder) (at DBTestModule.java:42)
18:46:52.487 [Test worker] DEBUG org.apache.tapestry5.ioc.Registry - [  6] --> Invoking org.pac.test.modules.DBTestModule.contributeFieldValueExtractorStrategies(MappedConfiguration, EntityFieldValueEncoder) (at DBTestModule.java:42)
18:46:52.487 [Test worker] DEBUG org.apache.tapestry5.ioc.Registry - [  7] --> Determining injection value for parameter #1 (org.apache.tapestry5.ioc.MappedConfiguration)
18:46:52.487 [Test worker] DEBUG org.apache.tapestry5.ioc.Registry - [  7] <-- Determining injection value for parameter #1 (org.apache.tapestry5.ioc.MappedConfiguration) [0.10 ms]
18:46:52.487 [Test worker] DEBUG org.apache.tapestry5.ioc.Registry - [  7] --> Determining injection value for parameter #2 (org.pac.bootstraplab.services.db.persist.EntityFieldValueEncoder)
18:46:52.487 [Test worker] DEBUG org.apache.tapestry5.ioc.Registry - [  8] --> Resolving object of type org.pac.bootstraplab.services.db.persist.EntityFieldValueEncoder using MasterObjectProvider
18:46:52.488 [Test worker] DEBUG org.apache.tapestry5.ioc.Registry - [  8] <-- Resolving object of type org.pac.bootstraplab.services.db.persist.EntityFieldValueEncoder using MasterObjectProvider [0.21 ms]
18:46:52.488 [Test worker] DEBUG org.apache.tapestry5.ioc.Registry - [  7] <-- Determining injection value for parameter #2 (org.pac.bootstraplab.services.db.persist.EntityFieldValueEncoder) [0.57 ms]
18:46:52.489 [Test worker] DEBUG org.apache.tapestry5.ioc.Registry - [  6] <-- Invoking org.pac.test.modules.DBTestModule.contributeFieldValueExtractorStrategies(MappedConfiguration, EntityFieldValueEncoder) (at DBTestModule.java:42) [2.38 ms]
18:46:52.489 [Test worker] DEBUG org.apache.tapestry5.ioc.Registry - [  5] <-- Collecting mapped configuration for service EntityFieldValueExtractor [4.42 ms]
18:46:52.489 [Test worker] DEBUG o.p.t.m.D.EntityFieldValueExtractor - Constructed configuration: {interface java.util.Collection=org.pac.bootstraplab.services.db.encoders.CollectionFieldValueEncoder@18b5012, class java.lang.Object=org.pac.bootstraplab.services.db.persist.DefaultFieldValueEncoder@13601d3, interface org.pac.bootstraplab.models.uid.UID=org.pac.bootstraplab.services.db.encoders.UidFieldValueEncoder@b1d2a0, class java.net.URI=org.pac.bootstraplab.services.db.encoders.UriFieldValueEncoder@7b299b}
18:46:52.489 [Test worker] DEBUG org.apache.tapestry5.ioc.Registry - [  4] <-- Determining injection value for parameter #2 (java.util.Map) [4.85 ms]
18:46:52.490 [Test worker] DEBUG org.apache.tapestry5.ioc.Registry - [  3] <-- Creating plan to invoke public org.pac.bootstraplab.services.db.persist.EntityFieldValueEncoder org.pac.test.modules.DBTestModule.buildEntityFieldValueExtractor(org.apache.tapestry5.ioc.services.StrategyBuilder,java.util.Map) [10.76 ms]
18:46:52.490 [Test worker] DEBUG org.apache.tapestry5.ioc.Registry - [  3] --> Constructing service implementation via org.pac.test.modules.DBTestModule.buildEntityFieldValueExtractor(StrategyBuilder, Map) (at DBTestModule.java:37)
18:46:52.490 [Test worker] DEBUG o.p.t.m.D.EntityFieldValueExtractor - Constructing service implementation via org.pac.test.modules.DBTestModule.buildEntityFieldValueExtractor(StrategyBuilder, Map) (at DBTestModule.java:37)
18:46:52.490 [Test worker] DEBUG org.apache.tapestry5.ioc.Registry - [  4] --> Realizing service StrategyBuilder
18:46:52.490 [Test worker] DEBUG org.apache.tapestry5.ioc.Registry - [  5] --> Instantiating service StrategyBuilder implementation via org.apache.tapestry5.ioc.internal.services.StrategyBuilderImpl(PlasticProxyFactory) (at StrategyBuilderImpl.java:38) via org.apache.tapestry5.ioc.modules.TapestryIOCModule.bind(ServiceBinder) (at TapestryIOCModule.java:50)
18:46:52.490 [Test worker] DEBUG org.apache.tapestry5.ioc.Registry - [  6] --> Creating plan to instantiate org.apache.tapestry5.ioc.internal.services.StrategyBuilderImpl via public org.apache.tapestry5.ioc.internal.services.StrategyBuilderImpl(org.apache.tapestry5.ioc.services.PlasticProxyFactory)
18:46:52.491 [Test worker] DEBUG org.apache.tapestry5.ioc.Registry - [  7] --> Determining injection value for parameter #1 (org.apache.tapestry5.ioc.services.PlasticProxyFactory)
18:46:52.491 [Test worker] DEBUG org.apache.tapestry5.ioc.Registry - [  7] <-- Determining injection value for parameter #1 (org.apache.tapestry5.ioc.services.PlasticProxyFactory) [0.19 ms]
18:46:52.491 [Test worker] DEBUG org.apache.tapestry5.ioc.Registry - [  6] <-- Creating plan to instantiate org.apache.tapestry5.ioc.internal.services.StrategyBuilderImpl via public org.apache.tapestry5.ioc.internal.services.StrategyBuilderImpl(org.apache.tapestry5.ioc.services.PlasticProxyFactory) [0.65 ms]
18:46:52.491 [Test worker] DEBUG org.apache.tapestry5.ioc.Registry - [  6] --> Invoking constructor org.apache.tapestry5.ioc.internal.services.StrategyBuilderImpl(PlasticProxyFactory) (at StrategyBuilderImpl.java:38) via org.apache.tapestry5.ioc.modules.TapestryIOCModule.bind(ServiceBinder) (at TapestryIOCModule.java:50) (for service 'StrategyBuilder')
18:46:52.491 [Test worker] DEBUG o.a.t.i.m.T.StrategyBuilder - Invoking constructor org.apache.tapestry5.ioc.internal.services.StrategyBuilderImpl(PlasticProxyFactory) (at StrategyBuilderImpl.java:38) via org.apache.tapestry5.ioc.modules.TapestryIOCModule.bind(ServiceBinder) (at TapestryIOCModule.java:50) (for service 'StrategyBuilder')
18:46:52.491 [Test worker] DEBUG org.apache.tapestry5.ioc.Registry - [  6] <-- Invoking constructor org.apache.tapestry5.ioc.internal.services.StrategyBuilderImpl(PlasticProxyFactory) (at StrategyBuilderImpl.java:38) via org.apache.tapestry5.ioc.modules.TapestryIOCModule.bind(ServiceBinder) (at TapestryIOCModule.java:50) (for service 'StrategyBuilder') [0.17 ms]
18:46:52.491 [Test worker] DEBUG org.apache.tapestry5.ioc.Registry - [  5] <-- Instantiating service StrategyBuilder implementation via org.apache.tapestry5.ioc.internal.services.StrategyBuilderImpl(PlasticProxyFactory) (at StrategyBuilderImpl.java:38) via org.apache.tapestry5.ioc.modules.TapestryIOCModule.bind(ServiceBinder) (at TapestryIOCModule.java:50) [1.29 ms]
18:46:52.492 [Test worker] DEBUG org.apache.tapestry5.ioc.Registry - [  4] <-- Realizing service StrategyBuilder [1.63 ms]
18:46:52.494 [Test worker] DEBUG o.a.t.i.m.T.PlasticProxyFactory - Loading class $EntityFieldValueEncoder_a12c8735b52b:
// class version 49.0 (49)
// access flags 0x1
public class $EntityFieldValueEncoder_a12c8735b52b implements org/pac/bootstraplab/services/db/persist/EntityFieldValueEncoder  {


  // access flags 0x12
  private final Lorg/apache/tapestry5/ioc/util/StrategyRegistry; registry

  // access flags 0x1
  public encode(Ljava/lang/Object;)Ljava/lang/Object;
    ALOAD 0
    GETFIELD $EntityFieldValueEncoder_a12c8735b52b.registry : Lorg/apache/tapestry5/ioc/util/StrategyRegistry;
    ALOAD 1
    INVOKEVIRTUAL org/apache/tapestry5/ioc/util/StrategyRegistry.getByInstance (Ljava/lang/Object;)Ljava/lang/Object;
    CHECKCAST org/pac/bootstraplab/services/db/persist/EntityFieldValueEncoder
    ALOAD 1
    INVOKEINTERFACE org/pac/bootstraplab/services/db/persist/EntityFieldValueEncoder.encode (Ljava/lang/Object;)Ljava/lang/Object;
    ARETURN
    MAXSTACK = 0
    MAXLOCALS = 0

  // access flags 0x1010
  final reject_field_change_registry(Lorg/apache/tapestry5/ioc/util/StrategyRegistry;)V
    NEW java/lang/IllegalStateException
    DUP
    LDC "Field registry of class $EntityFieldValueEncoder_a12c8735b52b is read-only."
    INVOKESPECIAL java/lang/IllegalStateException.<init> (Ljava/lang/String;)V
    ATHROW
    MAXSTACK = 0
    MAXLOCALS = 0

  // access flags 0x1
  public toString()Ljava/lang/String;
    LDC "<Strategy for org.pac.bootstraplab.services.db.persist.EntityFieldValueEncoder>"
    ARETURN
    MAXSTACK = 0
    MAXLOCALS = 0

  // access flags 0x1
  public <init>(Lorg/apache/tapestry5/internal/plastic/StaticContext;Lorg/apache/tapestry5/plastic/InstanceContext;)V
    ALOAD 0
    INVOKESPECIAL java/lang/Object.<init> ()V
    ALOAD 0
    ALOAD 1
    ICONST_0
    INVOKEVIRTUAL org/apache/tapestry5/internal/plastic/StaticContext.get (I)Ljava/lang/Object;
    CHECKCAST org/apache/tapestry5/ioc/util/StrategyRegistry
    PUTFIELD $EntityFieldValueEncoder_a12c8735b52b.registry : Lorg/apache/tapestry5/ioc/util/StrategyRegistry;
    RETURN
    MAXSTACK = 0
    MAXLOCALS = 0
}

18:46:52.495 [Test worker] DEBUG org.apache.tapestry5.ioc.Registry - [  3] <-- Constructing service implementation via org.pac.test.modules.DBTestModule.buildEntityFieldValueExtractor(StrategyBuilder, Map) (at DBTestModule.java:37) [4.72 ms]
18:46:52.495 [Test worker] DEBUG org.apache.tapestry5.ioc.Registry - [  2] <-- Instantiating service EntityFieldValueExtractor implementation via org.pac.test.modules.DBTestModule.buildEntityFieldValueExtractor(StrategyBuilder, Map) (at DBTestModule.java:37) [17.82 ms]
18:46:52.495 [Test worker] DEBUG org.apache.tapestry5.ioc.Registry - [  1] <-- Realizing service EntityFieldValueExtractor [18.19 ms]
[uid:test-identifier, nullValue:null]
18:46:52.509 [Test worker] DEBUG org.apache.tapestry5.ioc.Registry - [  1] --> Resolving object of type org.pac.bootstraplab.services.db.persist.DBObjectGenerator using MasterObjectProvider
18:46:52.510 [Test worker] DEBUG org.apache.tapestry5.ioc.Registry - [  1] <-- Resolving object of type org.pac.bootstraplab.services.db.persist.DBObjectGenerator using MasterObjectProvider [0.29 ms]
[uid:test-identifier, goIntoField:[myValue:read me!]]
18:46:52.513 [Test worker] DEBUG org.apache.tapestry5.ioc.Registry - [  1] --> Resolving object of type org.pac.bootstraplab.services.db.persist.DBObjectGenerator using MasterObjectProvider
18:46:52.513 [Test worker] DEBUG org.apache.tapestry5.ioc.Registry - [  1] <-- Resolving object of type org.pac.bootstraplab.services.db.persist.DBObjectGenerator using MasterObjectProvider [0.35 ms]
[_id:null, uid:null, number:3]
java.lang.Integer
]]></system-out>
  <system-err><![CDATA[]]></system-err>
</testsuite>
