<?xml version="1.1" encoding="UTF-8"?>
<testsuite name="org.pac.bootraplab.services.db.fetch.MongoFetchCriteriaSpec" tests="7" failures="7" errors="0" timestamp="2013-12-08T20:14:01" hostname="iznenad" time="0.138">
  <properties/>
  <testcase name="assert simple where" classname="org.pac.bootraplab.services.db.fetch.MongoFetchCriteriaSpec" time="0.124">
    <failure message="Condition not satisfied:&#10;&#10;criteria.dbObject() == new BasicDBObject(&quot;hero&quot;, &quot;superman&quot;)&#10;|        |          |  |&#10;|        |          |  [hero:superman]&#10;|        |          false&#10;|        [$query:[hero:superman]]&#10;org.pac.bootstraplab.services.db.criteria.MongoFetchCriteria@672f0d&#10;" type="org.gradle.messaging.remote.internal.PlaceholderException">Condition not satisfied:

criteria.dbObject() == new BasicDBObject(&quot;hero&quot;, &quot;superman&quot;)
|        |          |  |
|        |          |  [hero:superman]
|        |          false
|        [$query:[hero:superman]]
org.pac.bootstraplab.services.db.criteria.MongoFetchCriteria@672f0d

	at org.pac.bootraplab.services.db.fetch.MongoFetchCriteriaSpec.assert simple where(MongoFetchCriteriaSpec.groovy:20)
</failure>
  </testcase>
  <testcase name="assert or" classname="org.pac.bootraplab.services.db.fetch.MongoFetchCriteriaSpec" time="0.001">
    <failure message="groovy.lang.MissingMethodException: No signature of method: org.pac.bootstraplab.services.db.criteria.MongoFetchCriteria.and() is applicable for argument types: () values: []&#10;Possible solutions: and(java.lang.String, java.lang.Object), any(), any(groovy.lang.Closure), find(), in([Ljava.lang.Object;), find(groovy.lang.Closure)" type="org.gradle.messaging.remote.internal.PlaceholderException">groovy.lang.MissingMethodException: No signature of method: org.pac.bootstraplab.services.db.criteria.MongoFetchCriteria.and() is applicable for argument types: () values: []
Possible solutions: and(java.lang.String, java.lang.Object), any(), any(groovy.lang.Closure), find(), in([Ljava.lang.Object;), find(groovy.lang.Closure)
	at org.pac.bootraplab.services.db.fetch.MongoFetchCriteriaSpec.assert or(MongoFetchCriteriaSpec.groovy:26)
</failure>
  </testcase>
  <testcase name="assert in" classname="org.pac.bootraplab.services.db.fetch.MongoFetchCriteriaSpec" time="0.004">
    <failure message="Condition not satisfied:&#10;&#10;criteria.dbObject() == new BasicDBObject().append(&quot;hero&quot;, new BasicDBObject('$in', [&quot;superman&quot;, &quot;batman&quot;, &quot;hulk&quot;]))&#10;|        |          |  |                   |              |&#10;|        |          |  |                   |              [$in:[superman, batman, hulk]]&#10;|        |          |  |                   [hero:[$in:[superman, batman, hulk]]]&#10;|        |          |  [hero:[$in:[superman, batman, hulk]]]&#10;|        |          false&#10;|        [$query:[hero:[$in:[superman, batman, hulk]]]]&#10;org.pac.bootstraplab.services.db.criteria.MongoFetchCriteria@12ac433&#10;" type="org.gradle.messaging.remote.internal.PlaceholderException">Condition not satisfied:

criteria.dbObject() == new BasicDBObject().append(&quot;hero&quot;, new BasicDBObject('$in', [&quot;superman&quot;, &quot;batman&quot;, &quot;hulk&quot;]))
|        |          |  |                   |              |
|        |          |  |                   |              [$in:[superman, batman, hulk]]
|        |          |  |                   [hero:[$in:[superman, batman, hulk]]]
|        |          |  [hero:[$in:[superman, batman, hulk]]]
|        |          false
|        [$query:[hero:[$in:[superman, batman, hulk]]]]
org.pac.bootstraplab.services.db.criteria.MongoFetchCriteria@12ac433

	at org.pac.bootraplab.services.db.fetch.MongoFetchCriteriaSpec.assert in(MongoFetchCriteriaSpec.groovy:40)
</failure>
  </testcase>
  <testcase name="assert greater then" classname="org.pac.bootraplab.services.db.fetch.MongoFetchCriteriaSpec" time="0.004">
    <failure message="Condition not satisfied:&#10;&#10;criteria.dbObject() == new BasicDBObject(&quot;gravity&quot;, new BasicDBObject('$gt', &quot;9.81&quot;))&#10;|        |          |  |                            |&#10;|        |          |  [gravity:[$gt:9.81]]         [$gt:9.81]&#10;|        |          false&#10;|        [$query:[gravity:[$gt:9.81]]]&#10;org.pac.bootstraplab.services.db.criteria.MongoFetchCriteria@5c05bd&#10;" type="org.gradle.messaging.remote.internal.PlaceholderException">Condition not satisfied:

criteria.dbObject() == new BasicDBObject(&quot;gravity&quot;, new BasicDBObject('$gt', &quot;9.81&quot;))
|        |          |  |                            |
|        |          |  [gravity:[$gt:9.81]]         [$gt:9.81]
|        |          false
|        [$query:[gravity:[$gt:9.81]]]
org.pac.bootstraplab.services.db.criteria.MongoFetchCriteria@5c05bd

	at org.pac.bootraplab.services.db.fetch.MongoFetchCriteriaSpec.assert greater then(MongoFetchCriteriaSpec.groovy:48)
</failure>
  </testcase>
  <testcase name="assert less then" classname="org.pac.bootraplab.services.db.fetch.MongoFetchCriteriaSpec" time="0.002">
    <failure message="Condition not satisfied:&#10;&#10;criteria.dbObject() == new BasicDBObject(&quot;gravity&quot;, new BasicDBObject('$lt', &quot;9.81&quot;))&#10;|        |          |  |                            |&#10;|        |          |  [gravity:[$lt:9.81]]         [$lt:9.81]&#10;|        |          false&#10;|        [$query:[gravity:[$lt:9.81]]]&#10;org.pac.bootstraplab.services.db.criteria.MongoFetchCriteria@4b8122&#10;" type="org.gradle.messaging.remote.internal.PlaceholderException">Condition not satisfied:

criteria.dbObject() == new BasicDBObject(&quot;gravity&quot;, new BasicDBObject('$lt', &quot;9.81&quot;))
|        |          |  |                            |
|        |          |  [gravity:[$lt:9.81]]         [$lt:9.81]
|        |          false
|        [$query:[gravity:[$lt:9.81]]]
org.pac.bootstraplab.services.db.criteria.MongoFetchCriteria@4b8122

	at org.pac.bootraplab.services.db.fetch.MongoFetchCriteriaSpec.assert less then(MongoFetchCriteriaSpec.groovy:58)
</failure>
  </testcase>
  <testcase name="assert and" classname="org.pac.bootraplab.services.db.fetch.MongoFetchCriteriaSpec" time="0.0">
    <failure message="groovy.lang.MissingMethodException: No signature of method: org.pac.bootstraplab.services.db.criteria.MongoFetchCriteria.and() is applicable for argument types: () values: []&#10;Possible solutions: and(java.lang.String, java.lang.Object), any(), any(groovy.lang.Closure), find(), in([Ljava.lang.Object;), find(groovy.lang.Closure)" type="org.gradle.messaging.remote.internal.PlaceholderException">groovy.lang.MissingMethodException: No signature of method: org.pac.bootstraplab.services.db.criteria.MongoFetchCriteria.and() is applicable for argument types: () values: []
Possible solutions: and(java.lang.String, java.lang.Object), any(), any(groovy.lang.Closure), find(), in([Ljava.lang.Object;), find(groovy.lang.Closure)
	at org.pac.bootraplab.services.db.fetch.MongoFetchCriteriaSpec.assert and(MongoFetchCriteriaSpec.groovy:63)
</failure>
  </testcase>
  <testcase name="assert complex query (where and or with greater/less then)" classname="org.pac.bootraplab.services.db.fetch.MongoFetchCriteriaSpec" time="0.001">
    <failure message="groovy.lang.MissingMethodException: No signature of method: org.pac.bootstraplab.services.db.criteria.MongoFetchCriteria.and() is applicable for argument types: () values: []&#10;Possible solutions: and(java.lang.String, java.lang.Object), any(), any(groovy.lang.Closure), find(), in([Ljava.lang.Object;), find(groovy.lang.Closure)" type="org.gradle.messaging.remote.internal.PlaceholderException">groovy.lang.MissingMethodException: No signature of method: org.pac.bootstraplab.services.db.criteria.MongoFetchCriteria.and() is applicable for argument types: () values: []
Possible solutions: and(java.lang.String, java.lang.Object), any(), any(groovy.lang.Closure), find(), in([Ljava.lang.Object;), find(groovy.lang.Closure)
	at org.pac.bootraplab.services.db.fetch.MongoFetchCriteriaSpec.assert complex query (where and or with greater/less then)(MongoFetchCriteriaSpec.groovy:74)
</failure>
  </testcase>
  <system-out><![CDATA[[$query:[hero:[$in:[superman, batman, hulk]]]]
[$query:[gravity:[$gt:9.81]]]
[$query:[gravity:[$lt:9.81]]]
]]></system-out>
  <system-err><![CDATA[]]></system-err>
</testsuite>
